<?xml version="1.0" encoding="utf-8" standalone="no"?>
<!--This file represents the results of running a test suite-->
<test-results name="C:\OpenTouryo\root\programs\C#\Tests\Public.Test\Public.Test.nunit" total="2333" errors="3" failures="92" not-run="0" inconclusive="0" ignored="0" skipped="0" invalid="0" date="2014-06-19" time="12:37:59">
  <environment nunit-version="2.6.3.13283" clr-version="2.0.50727.5477" os-version="Microsoft Windows NT 6.1.7601 Service Pack 1" platform="Win32NT" cwd="C:\Program Files\NUnit 2.6.3\bin" machine-name="HISOL8083698" user="seigi" user-domain="HISOL8083698" />
  <culture-info current-culture="ja-JP" current-uiculture="ja-JP" />
  <test-suite type="Project" name="C:\OpenTouryo\root\programs\C#\Tests\Public.Test\Public.Test.nunit" executed="True" result="Failure" success="False" time="15.717" asserts="0">
    <results>
      <test-suite type="Assembly" name="C:\OpenTouryo\root\programs\C#\Tests\Public.Test\.\bin\Debug\Public.Test.dll" executed="True" result="Failure" success="False" time="15.716" asserts="0">
        <results>
          <test-suite type="Namespace" name="Public" executed="True" result="Failure" success="False" time="15.716" asserts="0">
            <results>
              <test-suite type="Namespace" name="Test" executed="True" result="Failure" success="False" time="15.715" asserts="0">
                <results>
                  <test-suite type="Namespace" name="IO" executed="True" result="Failure" success="False" time="5.966" asserts="0">
                    <results>
                      <test-suite type="TestFixture" name="ASymmetricCryptographyTest" executed="True" result="Success" success="True" time="0.173" asserts="0">
                        <results>
                          <test-suite type="ParameterizedTest" name="EncryptStringTest" executed="True" result="Success" success="True" time="0.172" asserts="0">
                            <results>
                              <test-case name="Public.Test.IO.ASymmetricCryptographyTest.EncryptStringTest(&quot;TestID-001N&quot;,&quot;abcde&quot;,&quot;&lt;RSAKeyValue&gt;&lt;Modulus&gt;zWaOt+w3bwJvS5q/B0hr0SuYOHlguadciqerjQwl4iOM8d9hhhwaybmrlI9WSVDXJpG+z1UqXNNSs/+Mudxl96IGEznaDK0NQqo0y4+VJnj8MrblWpEg8zam6k2UIv4JC3l+Ju5g1U4an4wSYooUZ2503aEpUk1KDMt3DjcXp6k=&lt;/Modulus&gt;&lt;Exponent&gt;AQAB&lt;/Exponent&gt;&lt;/RSAKeyValue&gt;&quot;,&quot;&lt;RSAKeyValue&gt;&lt;Modulus&gt;zWaOt+w3bwJvS5q/B0hr0SuYOHlguadciqerjQwl4iOM8d9hhhwaybmrlI9WSVDXJpG+z1UqXNNSs/+Mudxl96IGEznaDK0NQqo0y4+VJnj8MrblWpEg8zam6k2UIv4JC3l+Ju5g1U4an4wSYooUZ2503aEpUk1KDMt3DjcXp6k=&lt;/Modulus&gt;&lt;Exponent&gt;AQAB&lt;/Exponent&gt;&lt;P&gt;++TGm/2p0n0kqEAySSq+xrcWvc1p/dOBFB/4saB5Q2J0eeMTjHBh4XcVmJZxE4Hm6KI/3GRCkUtfibhsq+gQAQ==&lt;/P&gt;&lt;Q&gt;0L/AwIFEDmz5RijEsmex98n7n/6VYv0/QrH8gioOYZ2p5PM7GfBJ0SLj0kdpyRikQKsfde1Lndp6EgG/kXUXqQ==&lt;/Q&gt;&lt;DP&gt;Wq40VanO/gixLqTVtYNe5Ji65h9R3d/LYxxTYla78Oc7uTlnKzK1+f3t112pXXVxVCQ8yzGIyVeSEDlFXemQAQ==&lt;/DP&gt;&lt;DQ&gt;ZUBdEgKhLA4Xarxji9VYMUQ7VIN7miQUBxmlzMzxZM/AlFiWFiLC6zntHxWcbfoR0XwvKlgLEWnjQ9CtRrRw4Q==&lt;/DQ&gt;&lt;InverseQ&gt;9g+T/fVogOr+ZQRWXYc/5dZ7Bzs9tT5UbKwdnuAJt7gRH9k6mnwW7psfQh9SUViPItPM+lMLgtLQ1n7xT6ez8w==&lt;/InverseQ&gt;&lt;D&gt;YZvjJrQyg6Z8jUk0jplz4yr8Y5oKxS8rYxjbBWRIfHa4fBjTl4+zizmYuDiFoMGx/Lo2GwE16HbkTnWawphiO7jzaiv/KVuJN+OmsZbE0ueTq4Or8RG8ivCjmvZuQEzHWSXZrYZJzXwAXvJYrEFcL7kNU5DUKHbKbSi6cgjjAAE=&lt;/D&gt;&lt;/RSAKeyValue&gt;&quot;)" executed="True" result="Success" success="True" time="0.004" asserts="2" />
                              <test-case name="Public.Test.IO.ASymmetricCryptographyTest.EncryptStringTest(&quot;TestID-002N&quot;,&quot;\x3042\x3044\x3046\x3048\x304A&quot;,&quot;&lt;RSAKeyValue&gt;&lt;Modulus&gt;zWaOt+w3bwJvS5q/B0hr0SuYOHlguadciqerjQwl4iOM8d9hhhwaybmrlI9WSVDXJpG+z1UqXNNSs/+Mudxl96IGEznaDK0NQqo0y4+VJnj8MrblWpEg8zam6k2UIv4JC3l+Ju5g1U4an4wSYooUZ2503aEpUk1KDMt3DjcXp6k=&lt;/Modulus&gt;&lt;Exponent&gt;AQAB&lt;/Exponent&gt;&lt;/RSAKeyValue&gt;&quot;,&quot;&lt;RSAKeyValue&gt;&lt;Modulus&gt;zWaOt+w3bwJvS5q/B0hr0SuYOHlguadciqerjQwl4iOM8d9hhhwaybmrlI9WSVDXJpG+z1UqXNNSs/+Mudxl96IGEznaDK0NQqo0y4+VJnj8MrblWpEg8zam6k2UIv4JC3l+Ju5g1U4an4wSYooUZ2503aEpUk1KDMt3DjcXp6k=&lt;/Modulus&gt;&lt;Exponent&gt;AQAB&lt;/Exponent&gt;&lt;P&gt;++TGm/2p0n0kqEAySSq+xrcWvc1p/dOBFB/4saB5Q2J0eeMTjHBh4XcVmJZxE4Hm6KI/3GRCkUtfibhsq+gQAQ==&lt;/P&gt;&lt;Q&gt;0L/AwIFEDmz5RijEsmex98n7n/6VYv0/QrH8gioOYZ2p5PM7GfBJ0SLj0kdpyRikQKsfde1Lndp6EgG/kXUXqQ==&lt;/Q&gt;&lt;DP&gt;Wq40VanO/gixLqTVtYNe5Ji65h9R3d/LYxxTYla78Oc7uTlnKzK1+f3t112pXXVxVCQ8yzGIyVeSEDlFXemQAQ==&lt;/DP&gt;&lt;DQ&gt;ZUBdEgKhLA4Xarxji9VYMUQ7VIN7miQUBxmlzMzxZM/AlFiWFiLC6zntHxWcbfoR0XwvKlgLEWnjQ9CtRrRw4Q==&lt;/DQ&gt;&lt;InverseQ&gt;9g+T/fVogOr+ZQRWXYc/5dZ7Bzs9tT5UbKwdnuAJt7gRH9k6mnwW7psfQh9SUViPItPM+lMLgtLQ1n7xT6ez8w==&lt;/InverseQ&gt;&lt;D&gt;YZvjJrQyg6Z8jUk0jplz4yr8Y5oKxS8rYxjbBWRIfHa4fBjTl4+zizmYuDiFoMGx/Lo2GwE16HbkTnWawphiO7jzaiv/KVuJN+OmsZbE0ueTq4Or8RG8ivCjmvZuQEzHWSXZrYZJzXwAXvJYrEFcL7kNU5DUKHbKbSi6cgjjAAE=&lt;/D&gt;&lt;/RSAKeyValue&gt;&quot;)" executed="True" result="Success" success="True" time="0.006" asserts="2" />
                              <test-case name="Public.Test.IO.ASymmetricCryptographyTest.EncryptStringTest(&quot;TestID-003L&quot;,&quot;&quot;,&quot;&lt;RSAKeyValue&gt;&lt;Modulus&gt;zWaOt+w3bwJvS5q/B0hr0SuYOHlguadciqerjQwl4iOM8d9hhhwaybmrlI9WSVDXJpG+z1UqXNNSs/+Mudxl96IGEznaDK0NQqo0y4+VJnj8MrblWpEg8zam6k2UIv4JC3l+Ju5g1U4an4wSYooUZ2503aEpUk1KDMt3DjcXp6k=&lt;/Modulus&gt;&lt;Exponent&gt;AQAB&lt;/Exponent&gt;&lt;/RSAKeyValue&gt;&quot;,&quot;&lt;RSAKeyValue&gt;&lt;Modulus&gt;zWaOt+w3bwJvS5q/B0hr0SuYOHlguadciqerjQwl4iOM8d9hhhwaybmrlI9WSVDXJpG+z1UqXNNSs/+Mudxl96IGEznaDK0NQqo0y4+VJnj8MrblWpEg8zam6k2UIv4JC3l+Ju5g1U4an4wSYooUZ2503aEpUk1KDMt3DjcXp6k=&lt;/Modulus&gt;&lt;Exponent&gt;AQAB&lt;/Exponent&gt;&lt;P&gt;++TGm/2p0n0kqEAySSq+xrcWvc1p/dOBFB/4saB5Q2J0eeMTjHBh4XcVmJZxE4Hm6KI/3GRCkUtfibhsq+gQAQ==&lt;/P&gt;&lt;Q&gt;0L/AwIFEDmz5RijEsmex98n7n/6VYv0/QrH8gioOYZ2p5PM7GfBJ0SLj0kdpyRikQKsfde1Lndp6EgG/kXUXqQ==&lt;/Q&gt;&lt;DP&gt;Wq40VanO/gixLqTVtYNe5Ji65h9R3d/LYxxTYla78Oc7uTlnKzK1+f3t112pXXVxVCQ8yzGIyVeSEDlFXemQAQ==&lt;/DP&gt;&lt;DQ&gt;ZUBdEgKhLA4Xarxji9VYMUQ7VIN7miQUBxmlzMzxZM/AlFiWFiLC6zntHxWcbfoR0XwvKlgLEWnjQ9CtRrRw4Q==&lt;/DQ&gt;&lt;InverseQ&gt;9g+T/fVogOr+ZQRWXYc/5dZ7Bzs9tT5UbKwdnuAJt7gRH9k6mnwW7psfQh9SUViPItPM+lMLgtLQ1n7xT6ez8w==&lt;/InverseQ&gt;&lt;D&gt;YZvjJrQyg6Z8jUk0jplz4yr8Y5oKxS8rYxjbBWRIfHa4fBjTl4+zizmYuDiFoMGx/Lo2GwE16HbkTnWawphiO7jzaiv/KVuJN+OmsZbE0ueTq4Or8RG8ivCjmvZuQEzHWSXZrYZJzXwAXvJYrEFcL7kNU5DUKHbKbSi6cgjjAAE=&lt;/D&gt;&lt;/RSAKeyValue&gt;&quot;)" executed="True" result="Success" success="True" time="0.004" asserts="2" />
                              <test-case name="Public.Test.IO.ASymmetricCryptographyTest.EncryptStringTest(&quot;TestID-004A&quot;,null,&quot;&lt;RSAKeyValue&gt;&lt;Modulus&gt;zWaOt+w3bwJvS5q/B0hr0SuYOHlguadciqerjQwl4iOM8d9hhhwaybmrlI9WSVDXJpG+z1UqXNNSs/+Mudxl96IGEznaDK0NQqo0y4+VJnj8MrblWpEg8zam6k2UIv4JC3l+Ju5g1U4an4wSYooUZ2503aEpUk1KDMt3DjcXp6k=&lt;/Modulus&gt;&lt;Exponent&gt;AQAB&lt;/Exponent&gt;&lt;/RSAKeyValue&gt;&quot;,&quot;&lt;RSAKeyValue&gt;&lt;Modulus&gt;zWaOt+w3bwJvS5q/B0hr0SuYOHlguadciqerjQwl4iOM8d9hhhwaybmrlI9WSVDXJpG+z1UqXNNSs/+Mudxl96IGEznaDK0NQqo0y4+VJnj8MrblWpEg8zam6k2UIv4JC3l+Ju5g1U4an4wSYooUZ2503aEpUk1KDMt3DjcXp6k=&lt;/Modulus&gt;&lt;Exponent&gt;AQAB&lt;/Exponent&gt;&lt;P&gt;++TGm/2p0n0kqEAySSq+xrcWvc1p/dOBFB/4saB5Q2J0eeMTjHBh4XcVmJZxE4Hm6KI/3GRCkUtfibhsq+gQAQ==&lt;/P&gt;&lt;Q&gt;0L/AwIFEDmz5RijEsmex98n7n/6VYv0/QrH8gioOYZ2p5PM7GfBJ0SLj0kdpyRikQKsfde1Lndp6EgG/kXUXqQ==&lt;/Q&gt;&lt;DP&gt;Wq40VanO/gixLqTVtYNe5Ji65h9R3d/LYxxTYla78Oc7uTlnKzK1+f3t112pXXVxVCQ8yzGIyVeSEDlFXemQAQ==&lt;/DP&gt;&lt;DQ&gt;ZUBdEgKhLA4Xarxji9VYMUQ7VIN7miQUBxmlzMzxZM/AlFiWFiLC6zntHxWcbfoR0XwvKlgLEWnjQ9CtRrRw4Q==&lt;/DQ&gt;&lt;InverseQ&gt;9g+T/fVogOr+ZQRWXYc/5dZ7Bzs9tT5UbKwdnuAJt7gRH9k6mnwW7psfQh9SUViPItPM+lMLgtLQ1n7xT6ez8w==&lt;/InverseQ&gt;&lt;D&gt;YZvjJrQyg6Z8jUk0jplz4yr8Y5oKxS8rYxjbBWRIfHa4fBjTl4+zizmYuDiFoMGx/Lo2GwE16HbkTnWawphiO7jzaiv/KVuJN+OmsZbE0ueTq4Or8RG8ivCjmvZuQEzHWSXZrYZJzXwAXvJYrEFcL7kNU5DUKHbKbSi6cgjjAAE=&lt;/D&gt;&lt;/RSAKeyValue&gt;&quot;)" executed="True" result="Success" success="True" time="0.003" asserts="0" />
                              <test-case name="Public.Test.IO.ASymmetricCryptographyTest.EncryptStringTest(&quot;TestID-005A&quot;,&quot;abcde&quot;,&quot;&lt;RSAKeyValue&gt;&lt;Modulus&gt;zWaOt+w3bwJvS5q/B0hr0SuYOHlguadciqerjQwl4iOM8d9hhhwaybmrlI9WSVDXJpG+z1UqXNNSs/+Mudxl96IGEznaDK0NQqo0y4+VJnj8MrblWpEg8zam6k2UIv4JC3l+Ju5g1U4an4wSYooUZ2503aEpUk1KDMt3DjcXp6k=&lt;/Modulus&gt;&lt;Exponent&gt;AQAB&lt;/Exponent&gt;&lt;/RSAKeyValue&gt;&quot;,&quot;dummy&quot;)" executed="True" result="Success" success="True" time="0.001" asserts="0" />
                              <test-case name="Public.Test.IO.ASymmetricCryptographyTest.EncryptStringTest(&quot;TestID-006A&quot;,&quot;\x3042\x3044\x3046\x3048\x304A&quot;,&quot;&lt;RSAKeyValue&gt;&lt;Modulus&gt;zWaOt+w3bwJvS5q/B0hr0SuYOHlguadciqerjQwl4iOM8d9hhhwaybmrlI9WSVDXJpG+z1UqXNNSs/+Mudxl96IGEznaDK0NQqo0y4+VJnj8MrblWpEg8zam6k2UIv4JC3l+Ju5g1U4an4wSYooUZ2503aEpUk1KDMt3DjcXp6k=&lt;/Modulus&gt;&lt;Exponent&gt;AQAB&lt;/Exponent&gt;&lt;/RSAKeyValue&gt;&quot;,&quot;dummy&quot;)" executed="True" result="Success" success="True" time="0.001" asserts="0" />
                              <test-case name="Public.Test.IO.ASymmetricCryptographyTest.EncryptStringTest(&quot;TestID-007A&quot;,&quot;&quot;,&quot;&lt;RSAKeyValue&gt;&lt;Modulus&gt;zWaOt+w3bwJvS5q/B0hr0SuYOHlguadciqerjQwl4iOM8d9hhhwaybmrlI9WSVDXJpG+z1UqXNNSs/+Mudxl96IGEznaDK0NQqo0y4+VJnj8MrblWpEg8zam6k2UIv4JC3l+Ju5g1U4an4wSYooUZ2503aEpUk1KDMt3DjcXp6k=&lt;/Modulus&gt;&lt;Exponent&gt;AQAB&lt;/Exponent&gt;&lt;/RSAKeyValue&gt;&quot;,&quot;dummy&quot;)" executed="True" result="Success" success="True" time="0.004" asserts="0" />
                              <test-case name="Public.Test.IO.ASymmetricCryptographyTest.EncryptStringTest(&quot;TestID-008A&quot;,null,&quot;&lt;RSAKeyValue&gt;&lt;Modulus&gt;zWaOt+w3bwJvS5q/B0hr0SuYOHlguadciqerjQwl4iOM8d9hhhwaybmrlI9WSVDXJpG+z1UqXNNSs/+Mudxl96IGEznaDK0NQqo0y4+VJnj8MrblWpEg8zam6k2UIv4JC3l+Ju5g1U4an4wSYooUZ2503aEpUk1KDMt3DjcXp6k=&lt;/Modulus&gt;&lt;Exponent&gt;AQAB&lt;/Exponent&gt;&lt;/RSAKeyValue&gt;&quot;,&quot;dummy&quot;)" executed="True" result="Success" success="True" time="0.002" asserts="0" />
                              <test-case name="Public.Test.IO.ASymmetricCryptographyTest.EncryptStringTest(&quot;TestID-009A&quot;,&quot;abcde&quot;,&quot;dummy&quot;,&quot;&lt;RSAKeyValue&gt;&lt;Modulus&gt;zWaOt+w3bwJvS5q/B0hr0SuYOHlguadciqerjQwl4iOM8d9hhhwaybmrlI9WSVDXJpG+z1UqXNNSs/+Mudxl96IGEznaDK0NQqo0y4+VJnj8MrblWpEg8zam6k2UIv4JC3l+Ju5g1U4an4wSYooUZ2503aEpUk1KDMt3DjcXp6k=&lt;/Modulus&gt;&lt;Exponent&gt;AQAB&lt;/Exponent&gt;&lt;P&gt;++TGm/2p0n0kqEAySSq+xrcWvc1p/dOBFB/4saB5Q2J0eeMTjHBh4XcVmJZxE4Hm6KI/3GRCkUtfibhsq+gQAQ==&lt;/P&gt;&lt;Q&gt;0L/AwIFEDmz5RijEsmex98n7n/6VYv0/QrH8gioOYZ2p5PM7GfBJ0SLj0kdpyRikQKsfde1Lndp6EgG/kXUXqQ==&lt;/Q&gt;&lt;DP&gt;Wq40VanO/gixLqTVtYNe5Ji65h9R3d/LYxxTYla78Oc7uTlnKzK1+f3t112pXXVxVCQ8yzGIyVeSEDlFXemQAQ==&lt;/DP&gt;&lt;DQ&gt;ZUBdEgKhLA4Xarxji9VYMUQ7VIN7miQUBxmlzMzxZM/AlFiWFiLC6zntHxWcbfoR0XwvKlgLEWnjQ9CtRrRw4Q==&lt;/DQ&gt;&lt;InverseQ&gt;9g+T/fVogOr+ZQRWXYc/5dZ7Bzs9tT5UbKwdnuAJt7gRH9k6mnwW7psfQh9SUViPItPM+lMLgtLQ1n7xT6ez8w==&lt;/InverseQ&gt;&lt;D&gt;YZvjJrQyg6Z8jUk0jplz4yr8Y5oKxS8rYxjbBWRIfHa4fBjTl4+zizmYuDiFoMGx/Lo2GwE16HbkTnWawphiO7jzaiv/KVuJN+OmsZbE0ueTq4Or8RG8ivCjmvZuQEzHWSXZrYZJzXwAXvJYrEFcL7kNU5DUKHbKbSi6cgjjAAE=&lt;/D&gt;&lt;/RSAKeyValue&gt;&quot;)" executed="True" result="Success" success="True" time="0.002" asserts="0" />
                              <test-case name="Public.Test.IO.ASymmetricCryptographyTest.EncryptStringTest(&quot;TestID-010A&quot;,&quot;\x3042\x3044\x3046\x3048\x304A&quot;,&quot;dummy&quot;,&quot;&lt;RSAKeyValue&gt;&lt;Modulus&gt;zWaOt+w3bwJvS5q/B0hr0SuYOHlguadciqerjQwl4iOM8d9hhhwaybmrlI9WSVDXJpG+z1UqXNNSs/+Mudxl96IGEznaDK0NQqo0y4+VJnj8MrblWpEg8zam6k2UIv4JC3l+Ju5g1U4an4wSYooUZ2503aEpUk1KDMt3DjcXp6k=&lt;/Modulus&gt;&lt;Exponent&gt;AQAB&lt;/Exponent&gt;&lt;P&gt;++TGm/2p0n0kqEAySSq+xrcWvc1p/dOBFB/4saB5Q2J0eeMTjHBh4XcVmJZxE4Hm6KI/3GRCkUtfibhsq+gQAQ==&lt;/P&gt;&lt;Q&gt;0L/AwIFEDmz5RijEsmex98n7n/6VYv0/QrH8gioOYZ2p5PM7GfBJ0SLj0kdpyRikQKsfde1Lndp6EgG/kXUXqQ==&lt;/Q&gt;&lt;DP&gt;Wq40VanO/gixLqTVtYNe5Ji65h9R3d/LYxxTYla78Oc7uTlnKzK1+f3t112pXXVxVCQ8yzGIyVeSEDlFXemQAQ==&lt;/DP&gt;&lt;DQ&gt;ZUBdEgKhLA4Xarxji9VYMUQ7VIN7miQUBxmlzMzxZM/AlFiWFiLC6zntHxWcbfoR0XwvKlgLEWnjQ9CtRrRw4Q==&lt;/DQ&gt;&lt;InverseQ&gt;9g+T/fVogOr+ZQRWXYc/5dZ7Bzs9tT5UbKwdnuAJt7gRH9k6mnwW7psfQh9SUViPItPM+lMLgtLQ1n7xT6ez8w==&lt;/InverseQ&gt;&lt;D&gt;YZvjJrQyg6Z8jUk0jplz4yr8Y5oKxS8rYxjbBWRIfHa4fBjTl4+zizmYuDiFoMGx/Lo2GwE16HbkTnWawphiO7jzaiv/KVuJN+OmsZbE0ueTq4Or8RG8ivCjmvZuQEzHWSXZrYZJzXwAXvJYrEFcL7kNU5DUKHbKbSi6cgjjAAE=&lt;/D&gt;&lt;/RSAKeyValue&gt;&quot;)" executed="True" result="Success" success="True" time="0.001" asserts="0" />
                              <test-case name="Public.Test.IO.ASymmetricCryptographyTest.EncryptStringTest(&quot;TestID-011A&quot;,&quot;&quot;,&quot;dummy&quot;,&quot;&lt;RSAKeyValue&gt;&lt;Modulus&gt;zWaOt+w3bwJvS5q/B0hr0SuYOHlguadciqerjQwl4iOM8d9hhhwaybmrlI9WSVDXJpG+z1UqXNNSs/+Mudxl96IGEznaDK0NQqo0y4+VJnj8MrblWpEg8zam6k2UIv4JC3l+Ju5g1U4an4wSYooUZ2503aEpUk1KDMt3DjcXp6k=&lt;/Modulus&gt;&lt;Exponent&gt;AQAB&lt;/Exponent&gt;&lt;P&gt;++TGm/2p0n0kqEAySSq+xrcWvc1p/dOBFB/4saB5Q2J0eeMTjHBh4XcVmJZxE4Hm6KI/3GRCkUtfibhsq+gQAQ==&lt;/P&gt;&lt;Q&gt;0L/AwIFEDmz5RijEsmex98n7n/6VYv0/QrH8gioOYZ2p5PM7GfBJ0SLj0kdpyRikQKsfde1Lndp6EgG/kXUXqQ==&lt;/Q&gt;&lt;DP&gt;Wq40VanO/gixLqTVtYNe5Ji65h9R3d/LYxxTYla78Oc7uTlnKzK1+f3t112pXXVxVCQ8yzGIyVeSEDlFXemQAQ==&lt;/DP&gt;&lt;DQ&gt;ZUBdEgKhLA4Xarxji9VYMUQ7VIN7miQUBxmlzMzxZM/AlFiWFiLC6zntHxWcbfoR0XwvKlgLEWnjQ9CtRrRw4Q==&lt;/DQ&gt;&lt;InverseQ&gt;9g+T/fVogOr+ZQRWXYc/5dZ7Bzs9tT5UbKwdnuAJt7gRH9k6mnwW7psfQh9SUViPItPM+lMLgtLQ1n7xT6ez8w==&lt;/InverseQ&gt;&lt;D&gt;YZvjJrQyg6Z8jUk0jplz4yr8Y5oKxS8rYxjbBWRIfHa4fBjTl4+zizmYuDiFoMGx/Lo2GwE16HbkTnWawphiO7jzaiv/KVuJN+OmsZbE0ueTq4Or8RG8ivCjmvZuQEzHWSXZrYZJzXwAXvJYrEFcL7kNU5DUKHbKbSi6cgjjAAE=&lt;/D&gt;&lt;/RSAKeyValue&gt;&quot;)" executed="True" result="Success" success="True" time="0.001" asserts="0" />
                              <test-case name="Public.Test.IO.ASymmetricCryptographyTest.EncryptStringTest(&quot;TestID-012A&quot;,null,&quot;dummy&quot;,&quot;&lt;RSAKeyValue&gt;&lt;Modulus&gt;zWaOt+w3bwJvS5q/B0hr0SuYOHlguadciqerjQwl4iOM8d9hhhwaybmrlI9WSVDXJpG+z1UqXNNSs/+Mudxl96IGEznaDK0NQqo0y4+VJnj8MrblWpEg8zam6k2UIv4JC3l+Ju5g1U4an4wSYooUZ2503aEpUk1KDMt3DjcXp6k=&lt;/Modulus&gt;&lt;Exponent&gt;AQAB&lt;/Exponent&gt;&lt;P&gt;++TGm/2p0n0kqEAySSq+xrcWvc1p/dOBFB/4saB5Q2J0eeMTjHBh4XcVmJZxE4Hm6KI/3GRCkUtfibhsq+gQAQ==&lt;/P&gt;&lt;Q&gt;0L/AwIFEDmz5RijEsmex98n7n/6VYv0/QrH8gioOYZ2p5PM7GfBJ0SLj0kdpyRikQKsfde1Lndp6EgG/kXUXqQ==&lt;/Q&gt;&lt;DP&gt;Wq40VanO/gixLqTVtYNe5Ji65h9R3d/LYxxTYla78Oc7uTlnKzK1+f3t112pXXVxVCQ8yzGIyVeSEDlFXemQAQ==&lt;/DP&gt;&lt;DQ&gt;ZUBdEgKhLA4Xarxji9VYMUQ7VIN7miQUBxmlzMzxZM/AlFiWFiLC6zntHxWcbfoR0XwvKlgLEWnjQ9CtRrRw4Q==&lt;/DQ&gt;&lt;InverseQ&gt;9g+T/fVogOr+ZQRWXYc/5dZ7Bzs9tT5UbKwdnuAJt7gRH9k6mnwW7psfQh9SUViPItPM+lMLgtLQ1n7xT6ez8w==&lt;/InverseQ&gt;&lt;D&gt;YZvjJrQyg6Z8jUk0jplz4yr8Y5oKxS8rYxjbBWRIfHa4fBjTl4+zizmYuDiFoMGx/Lo2GwE16HbkTnWawphiO7jzaiv/KVuJN+OmsZbE0ueTq4Or8RG8ivCjmvZuQEzHWSXZrYZJzXwAXvJYrEFcL7kNU5DUKHbKbSi6cgjjAAE=&lt;/D&gt;&lt;/RSAKeyValue&gt;&quot;)" executed="True" result="Success" success="True" time="0.001" asserts="0" />
                              <test-case name="Public.Test.IO.ASymmetricCryptographyTest.EncryptStringTest(&quot;TestID-013A&quot;,&quot;abcde&quot;,&quot;&lt;RSAKeyValue&gt;&lt;Modulus&gt;zWaOt+w3bwJvS5q/B0hr0SuYOHlguadciqerjQwl4iOM8d9hhhwaybmrlI9WSVDXJpG+z1UqXNNSs/+Mudxl96IGEznaDK0NQqo0y4+VJnj8MrblWpEg8zam6k2UIv4JC3l+Ju5g1U4an4wSYooUZ2503aEpUk1KDMt3DjcXp6k=&lt;/Modulus&gt;&lt;Exponent&gt;AQAB&lt;/Exponent&gt;&lt;/RSAKeyValue&gt;&quot;,&quot;&quot;)" executed="True" result="Success" success="True" time="0.004" asserts="0" />
                              <test-case name="Public.Test.IO.ASymmetricCryptographyTest.EncryptStringTest(&quot;TestID-014A&quot;,&quot;\x3042\x3044\x3046\x3048\x304A&quot;,&quot;&lt;RSAKeyValue&gt;&lt;Modulus&gt;zWaOt+w3bwJvS5q/B0hr0SuYOHlguadciqerjQwl4iOM8d9hhhwaybmrlI9WSVDXJpG+z1UqXNNSs/+Mudxl96IGEznaDK0NQqo0y4+VJnj8MrblWpEg8zam6k2UIv4JC3l+Ju5g1U4an4wSYooUZ2503aEpUk1KDMt3DjcXp6k=&lt;/Modulus&gt;&lt;Exponent&gt;AQAB&lt;/Exponent&gt;&lt;/RSAKeyValue&gt;&quot;,&quot;&quot;)" executed="True" result="Success" success="True" time="0.001" asserts="0" />
                              <test-case name="Public.Test.IO.ASymmetricCryptographyTest.EncryptStringTest(&quot;TestID-015A&quot;,&quot;&quot;,&quot;&lt;RSAKeyValue&gt;&lt;Modulus&gt;zWaOt+w3bwJvS5q/B0hr0SuYOHlguadciqerjQwl4iOM8d9hhhwaybmrlI9WSVDXJpG+z1UqXNNSs/+Mudxl96IGEznaDK0NQqo0y4+VJnj8MrblWpEg8zam6k2UIv4JC3l+Ju5g1U4an4wSYooUZ2503aEpUk1KDMt3DjcXp6k=&lt;/Modulus&gt;&lt;Exponent&gt;AQAB&lt;/Exponent&gt;&lt;/RSAKeyValue&gt;&quot;,&quot;&quot;)" executed="True" result="Success" success="True" time="0.002" asserts="0" />
                              <test-case name="Public.Test.IO.ASymmetricCryptographyTest.EncryptStringTest(&quot;TestID-016A&quot;,null,&quot;&lt;RSAKeyValue&gt;&lt;Modulus&gt;zWaOt+w3bwJvS5q/B0hr0SuYOHlguadciqerjQwl4iOM8d9hhhwaybmrlI9WSVDXJpG+z1UqXNNSs/+Mudxl96IGEznaDK0NQqo0y4+VJnj8MrblWpEg8zam6k2UIv4JC3l+Ju5g1U4an4wSYooUZ2503aEpUk1KDMt3DjcXp6k=&lt;/Modulus&gt;&lt;Exponent&gt;AQAB&lt;/Exponent&gt;&lt;/RSAKeyValue&gt;&quot;,&quot;&quot;)" executed="True" result="Success" success="True" time="0.001" asserts="0" />
                              <test-case name="Public.Test.IO.ASymmetricCryptographyTest.EncryptStringTest(&quot;TestID-017A&quot;,&quot;abcde&quot;,&quot;&quot;,&quot;&lt;RSAKeyValue&gt;&lt;Modulus&gt;zWaOt+w3bwJvS5q/B0hr0SuYOHlguadciqerjQwl4iOM8d9hhhwaybmrlI9WSVDXJpG+z1UqXNNSs/+Mudxl96IGEznaDK0NQqo0y4+VJnj8MrblWpEg8zam6k2UIv4JC3l+Ju5g1U4an4wSYooUZ2503aEpUk1KDMt3DjcXp6k=&lt;/Modulus&gt;&lt;Exponent&gt;AQAB&lt;/Exponent&gt;&lt;P&gt;++TGm/2p0n0kqEAySSq+xrcWvc1p/dOBFB/4saB5Q2J0eeMTjHBh4XcVmJZxE4Hm6KI/3GRCkUtfibhsq+gQAQ==&lt;/P&gt;&lt;Q&gt;0L/AwIFEDmz5RijEsmex98n7n/6VYv0/QrH8gioOYZ2p5PM7GfBJ0SLj0kdpyRikQKsfde1Lndp6EgG/kXUXqQ==&lt;/Q&gt;&lt;DP&gt;Wq40VanO/gixLqTVtYNe5Ji65h9R3d/LYxxTYla78Oc7uTlnKzK1+f3t112pXXVxVCQ8yzGIyVeSEDlFXemQAQ==&lt;/DP&gt;&lt;DQ&gt;ZUBdEgKhLA4Xarxji9VYMUQ7VIN7miQUBxmlzMzxZM/AlFiWFiLC6zntHxWcbfoR0XwvKlgLEWnjQ9CtRrRw4Q==&lt;/DQ&gt;&lt;InverseQ&gt;9g+T/fVogOr+ZQRWXYc/5dZ7Bzs9tT5UbKwdnuAJt7gRH9k6mnwW7psfQh9SUViPItPM+lMLgtLQ1n7xT6ez8w==&lt;/InverseQ&gt;&lt;D&gt;YZvjJrQyg6Z8jUk0jplz4yr8Y5oKxS8rYxjbBWRIfHa4fBjTl4+zizmYuDiFoMGx/Lo2GwE16HbkTnWawphiO7jzaiv/KVuJN+OmsZbE0ueTq4Or8RG8ivCjmvZuQEzHWSXZrYZJzXwAXvJYrEFcL7kNU5DUKHbKbSi6cgjjAAE=&lt;/D&gt;&lt;/RSAKeyValue&gt;&quot;)" executed="True" result="Success" success="True" time="0.001" asserts="0" />
                              <test-case name="Public.Test.IO.ASymmetricCryptographyTest.EncryptStringTest(&quot;TestID-018A&quot;,&quot;\x3042\x3044\x3046\x3048\x304A&quot;,&quot;&quot;,&quot;&lt;RSAKeyValue&gt;&lt;Modulus&gt;zWaOt+w3bwJvS5q/B0hr0SuYOHlguadciqerjQwl4iOM8d9hhhwaybmrlI9WSVDXJpG+z1UqXNNSs/+Mudxl96IGEznaDK0NQqo0y4+VJnj8MrblWpEg8zam6k2UIv4JC3l+Ju5g1U4an4wSYooUZ2503aEpUk1KDMt3DjcXp6k=&lt;/Modulus&gt;&lt;Exponent&gt;AQAB&lt;/Exponent&gt;&lt;P&gt;++TGm/2p0n0kqEAySSq+xrcWvc1p/dOBFB/4saB5Q2J0eeMTjHBh4XcVmJZxE4Hm6KI/3GRCkUtfibhsq+gQAQ==&lt;/P&gt;&lt;Q&gt;0L/AwIFEDmz5RijEsmex98n7n/6VYv0/QrH8gioOYZ2p5PM7GfBJ0SLj0kdpyRikQKsfde1Lndp6EgG/kXUXqQ==&lt;/Q&gt;&lt;DP&gt;Wq40VanO/gixLqTVtYNe5Ji65h9R3d/LYxxTYla78Oc7uTlnKzK1+f3t112pXXVxVCQ8yzGIyVeSEDlFXemQAQ==&lt;/DP&gt;&lt;DQ&gt;ZUBdEgKhLA4Xarxji9VYMUQ7VIN7miQUBxmlzMzxZM/AlFiWFiLC6zntHxWcbfoR0XwvKlgLEWnjQ9CtRrRw4Q==&lt;/DQ&gt;&lt;InverseQ&gt;9g+T/fVogOr+ZQRWXYc/5dZ7Bzs9tT5UbKwdnuAJt7gRH9k6mnwW7psfQh9SUViPItPM+lMLgtLQ1n7xT6ez8w==&lt;/InverseQ&gt;&lt;D&gt;YZvjJrQyg6Z8jUk0jplz4yr8Y5oKxS8rYxjbBWRIfHa4fBjTl4+zizmYuDiFoMGx/Lo2GwE16HbkTnWawphiO7jzaiv/KVuJN+OmsZbE0ueTq4Or8RG8ivCjmvZuQEzHWSXZrYZJzXwAXvJYrEFcL7kNU5DUKHbKbSi6cgjjAAE=&lt;/D&gt;&lt;/RSAKeyValue&gt;&quot;)" executed="True" result="Success" success="True" time="0.001" asserts="0" />
                              <test-case name="Public.Test.IO.ASymmetricCryptographyTest.EncryptStringTest(&quot;TestID-019A&quot;,&quot;&quot;,&quot;&quot;,&quot;&lt;RSAKeyValue&gt;&lt;Modulus&gt;zWaOt+w3bwJvS5q/B0hr0SuYOHlguadciqerjQwl4iOM8d9hhhwaybmrlI9WSVDXJpG+z1UqXNNSs/+Mudxl96IGEznaDK0NQqo0y4+VJnj8MrblWpEg8zam6k2UIv4JC3l+Ju5g1U4an4wSYooUZ2503aEpUk1KDMt3DjcXp6k=&lt;/Modulus&gt;&lt;Exponent&gt;AQAB&lt;/Exponent&gt;&lt;P&gt;++TGm/2p0n0kqEAySSq+xrcWvc1p/dOBFB/4saB5Q2J0eeMTjHBh4XcVmJZxE4Hm6KI/3GRCkUtfibhsq+gQAQ==&lt;/P&gt;&lt;Q&gt;0L/AwIFEDmz5RijEsmex98n7n/6VYv0/QrH8gioOYZ2p5PM7GfBJ0SLj0kdpyRikQKsfde1Lndp6EgG/kXUXqQ==&lt;/Q&gt;&lt;DP&gt;Wq40VanO/gixLqTVtYNe5Ji65h9R3d/LYxxTYla78Oc7uTlnKzK1+f3t112pXXVxVCQ8yzGIyVeSEDlFXemQAQ==&lt;/DP&gt;&lt;DQ&gt;ZUBdEgKhLA4Xarxji9VYMUQ7VIN7miQUBxmlzMzxZM/AlFiWFiLC6zntHxWcbfoR0XwvKlgLEWnjQ9CtRrRw4Q==&lt;/DQ&gt;&lt;InverseQ&gt;9g+T/fVogOr+ZQRWXYc/5dZ7Bzs9tT5UbKwdnuAJt7gRH9k6mnwW7psfQh9SUViPItPM+lMLgtLQ1n7xT6ez8w==&lt;/InverseQ&gt;&lt;D&gt;YZvjJrQyg6Z8jUk0jplz4yr8Y5oKxS8rYxjbBWRIfHa4fBjTl4+zizmYuDiFoMGx/Lo2GwE16HbkTnWawphiO7jzaiv/KVuJN+OmsZbE0ueTq4Or8RG8ivCjmvZuQEzHWSXZrYZJzXwAXvJYrEFcL7kNU5DUKHbKbSi6cgjjAAE=&lt;/D&gt;&lt;/RSAKeyValue&gt;&quot;)" executed="True" result="Success" success="True" time="0.004" asserts="0" />
                              <test-case name="Public.Test.IO.ASymmetricCryptographyTest.EncryptStringTest(&quot;TestID-020A&quot;,null,&quot;&quot;,&quot;&lt;RSAKeyValue&gt;&lt;Modulus&gt;zWaOt+w3bwJvS5q/B0hr0SuYOHlguadciqerjQwl4iOM8d9hhhwaybmrlI9WSVDXJpG+z1UqXNNSs/+Mudxl96IGEznaDK0NQqo0y4+VJnj8MrblWpEg8zam6k2UIv4JC3l+Ju5g1U4an4wSYooUZ2503aEpUk1KDMt3DjcXp6k=&lt;/Modulus&gt;&lt;Exponent&gt;AQAB&lt;/Exponent&gt;&lt;P&gt;++TGm/2p0n0kqEAySSq+xrcWvc1p/dOBFB/4saB5Q2J0eeMTjHBh4XcVmJZxE4Hm6KI/3GRCkUtfibhsq+gQAQ==&lt;/P&gt;&lt;Q&gt;0L/AwIFEDmz5RijEsmex98n7n/6VYv0/QrH8gioOYZ2p5PM7GfBJ0SLj0kdpyRikQKsfde1Lndp6EgG/kXUXqQ==&lt;/Q&gt;&lt;DP&gt;Wq40VanO/gixLqTVtYNe5Ji65h9R3d/LYxxTYla78Oc7uTlnKzK1+f3t112pXXVxVCQ8yzGIyVeSEDlFXemQAQ==&lt;/DP&gt;&lt;DQ&gt;ZUBdEgKhLA4Xarxji9VYMUQ7VIN7miQUBxmlzMzxZM/AlFiWFiLC6zntHxWcbfoR0XwvKlgLEWnjQ9CtRrRw4Q==&lt;/DQ&gt;&lt;InverseQ&gt;9g+T/fVogOr+ZQRWXYc/5dZ7Bzs9tT5UbKwdnuAJt7gRH9k6mnwW7psfQh9SUViPItPM+lMLgtLQ1n7xT6ez8w==&lt;/InverseQ&gt;&lt;D&gt;YZvjJrQyg6Z8jUk0jplz4yr8Y5oKxS8rYxjbBWRIfHa4fBjTl4+zizmYuDiFoMGx/Lo2GwE16HbkTnWawphiO7jzaiv/KVuJN+OmsZbE0ueTq4Or8RG8ivCjmvZuQEzHWSXZrYZJzXwAXvJYrEFcL7kNU5DUKHbKbSi6cgjjAAE=&lt;/D&gt;&lt;/RSAKeyValue&gt;&quot;)" executed="True" result="Success" success="True" time="0.001" asserts="0" />
                              <test-case name="Public.Test.IO.ASymmetricCryptographyTest.EncryptStringTest(&quot;TestID-021A&quot;,&quot;abcde&quot;,&quot;&lt;RSAKeyValue&gt;&lt;Modulus&gt;zWaOt+w3bwJvS5q/B0hr0SuYOHlguadciqerjQwl4iOM8d9hhhwaybmrlI9WSVDXJpG+z1UqXNNSs/+Mudxl96IGEznaDK0NQqo0y4+VJnj8MrblWpEg8zam6k2UIv4JC3l+Ju5g1U4an4wSYooUZ2503aEpUk1KDMt3DjcXp6k=&lt;/Modulus&gt;&lt;Exponent&gt;AQAB&lt;/Exponent&gt;&lt;/RSAKeyValue&gt;&quot;,null)" executed="True" result="Success" success="True" time="0.001" asserts="0" />
                              <test-case name="Public.Test.IO.ASymmetricCryptographyTest.EncryptStringTest(&quot;TestID-022A&quot;,&quot;\x3042\x3044\x3046\x3048\x304A&quot;,&quot;&lt;RSAKeyValue&gt;&lt;Modulus&gt;zWaOt+w3bwJvS5q/B0hr0SuYOHlguadciqerjQwl4iOM8d9hhhwaybmrlI9WSVDXJpG+z1UqXNNSs/+Mudxl96IGEznaDK0NQqo0y4+VJnj8MrblWpEg8zam6k2UIv4JC3l+Ju5g1U4an4wSYooUZ2503aEpUk1KDMt3DjcXp6k=&lt;/Modulus&gt;&lt;Exponent&gt;AQAB&lt;/Exponent&gt;&lt;/RSAKeyValue&gt;&quot;,null)" executed="True" result="Success" success="True" time="0.002" asserts="0" />
                              <test-case name="Public.Test.IO.ASymmetricCryptographyTest.EncryptStringTest(&quot;TestID-023A&quot;,&quot;&quot;,&quot;&lt;RSAKeyValue&gt;&lt;Modulus&gt;zWaOt+w3bwJvS5q/B0hr0SuYOHlguadciqerjQwl4iOM8d9hhhwaybmrlI9WSVDXJpG+z1UqXNNSs/+Mudxl96IGEznaDK0NQqo0y4+VJnj8MrblWpEg8zam6k2UIv4JC3l+Ju5g1U4an4wSYooUZ2503aEpUk1KDMt3DjcXp6k=&lt;/Modulus&gt;&lt;Exponent&gt;AQAB&lt;/Exponent&gt;&lt;/RSAKeyValue&gt;&quot;,null)" executed="True" result="Success" success="True" time="0.003" asserts="0" />
                              <test-case name="Public.Test.IO.ASymmetricCryptographyTest.EncryptStringTest(&quot;TestID-024A&quot;,null,&quot;&lt;RSAKeyValue&gt;&lt;Modulus&gt;zWaOt+w3bwJvS5q/B0hr0SuYOHlguadciqerjQwl4iOM8d9hhhwaybmrlI9WSVDXJpG+z1UqXNNSs/+Mudxl96IGEznaDK0NQqo0y4+VJnj8MrblWpEg8zam6k2UIv4JC3l+Ju5g1U4an4wSYooUZ2503aEpUk1KDMt3DjcXp6k=&lt;/Modulus&gt;&lt;Exponent&gt;AQAB&lt;/Exponent&gt;&lt;/RSAKeyValue&gt;&quot;,null)" executed="True" result="Success" success="True" time="0.003" asserts="0" />
                              <test-case name="Public.Test.IO.ASymmetricCryptographyTest.EncryptStringTest(&quot;TestID-025A&quot;,&quot;abcde&quot;,null,&quot;&lt;RSAKeyValue&gt;&lt;Modulus&gt;zWaOt+w3bwJvS5q/B0hr0SuYOHlguadciqerjQwl4iOM8d9hhhwaybmrlI9WSVDXJpG+z1UqXNNSs/+Mudxl96IGEznaDK0NQqo0y4+VJnj8MrblWpEg8zam6k2UIv4JC3l+Ju5g1U4an4wSYooUZ2503aEpUk1KDMt3DjcXp6k=&lt;/Modulus&gt;&lt;Exponent&gt;AQAB&lt;/Exponent&gt;&lt;P&gt;++TGm/2p0n0kqEAySSq+xrcWvc1p/dOBFB/4saB5Q2J0eeMTjHBh4XcVmJZxE4Hm6KI/3GRCkUtfibhsq+gQAQ==&lt;/P&gt;&lt;Q&gt;0L/AwIFEDmz5RijEsmex98n7n/6VYv0/QrH8gioOYZ2p5PM7GfBJ0SLj0kdpyRikQKsfde1Lndp6EgG/kXUXqQ==&lt;/Q&gt;&lt;DP&gt;Wq40VanO/gixLqTVtYNe5Ji65h9R3d/LYxxTYla78Oc7uTlnKzK1+f3t112pXXVxVCQ8yzGIyVeSEDlFXemQAQ==&lt;/DP&gt;&lt;DQ&gt;ZUBdEgKhLA4Xarxji9VYMUQ7VIN7miQUBxmlzMzxZM/AlFiWFiLC6zntHxWcbfoR0XwvKlgLEWnjQ9CtRrRw4Q==&lt;/DQ&gt;&lt;InverseQ&gt;9g+T/fVogOr+ZQRWXYc/5dZ7Bzs9tT5UbKwdnuAJt7gRH9k6mnwW7psfQh9SUViPItPM+lMLgtLQ1n7xT6ez8w==&lt;/InverseQ&gt;&lt;D&gt;YZvjJrQyg6Z8jUk0jplz4yr8Y5oKxS8rYxjbBWRIfHa4fBjTl4+zizmYuDiFoMGx/Lo2GwE16HbkTnWawphiO7jzaiv/KVuJN+OmsZbE0ueTq4Or8RG8ivCjmvZuQEzHWSXZrYZJzXwAXvJYrEFcL7kNU5DUKHbKbSi6cgjjAAE=&lt;/D&gt;&lt;/RSAKeyValue&gt;&quot;)" executed="True" result="Success" success="True" time="0.001" asserts="0" />
                              <test-case name="Public.Test.IO.ASymmetricCryptographyTest.EncryptStringTest(&quot;TestID-026A&quot;,&quot;\x3042\x3044\x3046\x3048\x304A&quot;,null,&quot;&lt;RSAKeyValue&gt;&lt;Modulus&gt;zWaOt+w3bwJvS5q/B0hr0SuYOHlguadciqerjQwl4iOM8d9hhhwaybmrlI9WSVDXJpG+z1UqXNNSs/+Mudxl96IGEznaDK0NQqo0y4+VJnj8MrblWpEg8zam6k2UIv4JC3l+Ju5g1U4an4wSYooUZ2503aEpUk1KDMt3DjcXp6k=&lt;/Modulus&gt;&lt;Exponent&gt;AQAB&lt;/Exponent&gt;&lt;P&gt;++TGm/2p0n0kqEAySSq+xrcWvc1p/dOBFB/4saB5Q2J0eeMTjHBh4XcVmJZxE4Hm6KI/3GRCkUtfibhsq+gQAQ==&lt;/P&gt;&lt;Q&gt;0L/AwIFEDmz5RijEsmex98n7n/6VYv0/QrH8gioOYZ2p5PM7GfBJ0SLj0kdpyRikQKsfde1Lndp6EgG/kXUXqQ==&lt;/Q&gt;&lt;DP&gt;Wq40VanO/gixLqTVtYNe5Ji65h9R3d/LYxxTYla78Oc7uTlnKzK1+f3t112pXXVxVCQ8yzGIyVeSEDlFXemQAQ==&lt;/DP&gt;&lt;DQ&gt;ZUBdEgKhLA4Xarxji9VYMUQ7VIN7miQUBxmlzMzxZM/AlFiWFiLC6zntHxWcbfoR0XwvKlgLEWnjQ9CtRrRw4Q==&lt;/DQ&gt;&lt;InverseQ&gt;9g+T/fVogOr+ZQRWXYc/5dZ7Bzs9tT5UbKwdnuAJt7gRH9k6mnwW7psfQh9SUViPItPM+lMLgtLQ1n7xT6ez8w==&lt;/InverseQ&gt;&lt;D&gt;YZvjJrQyg6Z8jUk0jplz4yr8Y5oKxS8rYxjbBWRIfHa4fBjTl4+zizmYuDiFoMGx/Lo2GwE16HbkTnWawphiO7jzaiv/KVuJN+OmsZbE0ueTq4Or8RG8ivCjmvZuQEzHWSXZrYZJzXwAXvJYrEFcL7kNU5DUKHbKbSi6cgjjAAE=&lt;/D&gt;&lt;/RSAKeyValue&gt;&quot;)" executed="True" result="Success" success="True" time="0.001" asserts="0" />
                              <test-case name="Public.Test.IO.ASymmetricCryptographyTest.EncryptStringTest(&quot;TestID-027A&quot;,&quot;&quot;,null,&quot;&lt;RSAKeyValue&gt;&lt;Modulus&gt;zWaOt+w3bwJvS5q/B0hr0SuYOHlguadciqerjQwl4iOM8d9hhhwaybmrlI9WSVDXJpG+z1UqXNNSs/+Mudxl96IGEznaDK0NQqo0y4+VJnj8MrblWpEg8zam6k2UIv4JC3l+Ju5g1U4an4wSYooUZ2503aEpUk1KDMt3DjcXp6k=&lt;/Modulus&gt;&lt;Exponent&gt;AQAB&lt;/Exponent&gt;&lt;P&gt;++TGm/2p0n0kqEAySSq+xrcWvc1p/dOBFB/4saB5Q2J0eeMTjHBh4XcVmJZxE4Hm6KI/3GRCkUtfibhsq+gQAQ==&lt;/P&gt;&lt;Q&gt;0L/AwIFEDmz5RijEsmex98n7n/6VYv0/QrH8gioOYZ2p5PM7GfBJ0SLj0kdpyRikQKsfde1Lndp6EgG/kXUXqQ==&lt;/Q&gt;&lt;DP&gt;Wq40VanO/gixLqTVtYNe5Ji65h9R3d/LYxxTYla78Oc7uTlnKzK1+f3t112pXXVxVCQ8yzGIyVeSEDlFXemQAQ==&lt;/DP&gt;&lt;DQ&gt;ZUBdEgKhLA4Xarxji9VYMUQ7VIN7miQUBxmlzMzxZM/AlFiWFiLC6zntHxWcbfoR0XwvKlgLEWnjQ9CtRrRw4Q==&lt;/DQ&gt;&lt;InverseQ&gt;9g+T/fVogOr+ZQRWXYc/5dZ7Bzs9tT5UbKwdnuAJt7gRH9k6mnwW7psfQh9SUViPItPM+lMLgtLQ1n7xT6ez8w==&lt;/InverseQ&gt;&lt;D&gt;YZvjJrQyg6Z8jUk0jplz4yr8Y5oKxS8rYxjbBWRIfHa4fBjTl4+zizmYuDiFoMGx/Lo2GwE16HbkTnWawphiO7jzaiv/KVuJN+OmsZbE0ueTq4Or8RG8ivCjmvZuQEzHWSXZrYZJzXwAXvJYrEFcL7kNU5DUKHbKbSi6cgjjAAE=&lt;/D&gt;&lt;/RSAKeyValue&gt;&quot;)" executed="True" result="Success" success="True" time="0.003" asserts="0" />
                              <test-case name="Public.Test.IO.ASymmetricCryptographyTest.EncryptStringTest(&quot;TestID-028A&quot;,null,null,&quot;&lt;RSAKeyValue&gt;&lt;Modulus&gt;zWaOt+w3bwJvS5q/B0hr0SuYOHlguadciqerjQwl4iOM8d9hhhwaybmrlI9WSVDXJpG+z1UqXNNSs/+Mudxl96IGEznaDK0NQqo0y4+VJnj8MrblWpEg8zam6k2UIv4JC3l+Ju5g1U4an4wSYooUZ2503aEpUk1KDMt3DjcXp6k=&lt;/Modulus&gt;&lt;Exponent&gt;AQAB&lt;/Exponent&gt;&lt;P&gt;++TGm/2p0n0kqEAySSq+xrcWvc1p/dOBFB/4saB5Q2J0eeMTjHBh4XcVmJZxE4Hm6KI/3GRCkUtfibhsq+gQAQ==&lt;/P&gt;&lt;Q&gt;0L/AwIFEDmz5RijEsmex98n7n/6VYv0/QrH8gioOYZ2p5PM7GfBJ0SLj0kdpyRikQKsfde1Lndp6EgG/kXUXqQ==&lt;/Q&gt;&lt;DP&gt;Wq40VanO/gixLqTVtYNe5Ji65h9R3d/LYxxTYla78Oc7uTlnKzK1+f3t112pXXVxVCQ8yzGIyVeSEDlFXemQAQ==&lt;/DP&gt;&lt;DQ&gt;ZUBdEgKhLA4Xarxji9VYMUQ7VIN7miQUBxmlzMzxZM/AlFiWFiLC6zntHxWcbfoR0XwvKlgLEWnjQ9CtRrRw4Q==&lt;/DQ&gt;&lt;InverseQ&gt;9g+T/fVogOr+ZQRWXYc/5dZ7Bzs9tT5UbKwdnuAJt7gRH9k6mnwW7psfQh9SUViPItPM+lMLgtLQ1n7xT6ez8w==&lt;/InverseQ&gt;&lt;D&gt;YZvjJrQyg6Z8jUk0jplz4yr8Y5oKxS8rYxjbBWRIfHa4fBjTl4+zizmYuDiFoMGx/Lo2GwE16HbkTnWawphiO7jzaiv/KVuJN+OmsZbE0ueTq4Or8RG8ivCjmvZuQEzHWSXZrYZJzXwAXvJYrEFcL7kNU5DUKHbKbSi6cgjjAAE=&lt;/D&gt;&lt;/RSAKeyValue&gt;&quot;)" executed="True" result="Success" success="True" time="0.001" asserts="0" />
                            </results>
                          </test-suite>
                        </results>
                      </test-suite>
                      <test-suite type="TestFixture" name="BinarySerializeTest" description="Tests for Binary Serialize" executed="True" result="Success" success="True" time="0.061" asserts="0">
                        <results>
                          <test-suite type="ParameterizedTest" name="BytesToObjectTest" executed="True" result="Success" success="True" time="0.028" asserts="0">
                            <results>
                              <test-case name="Public.Test.IO.BinarySerializeTest.BytesToObjectTest(&quot;TestID-001N&quot;,System.Byte[])" executed="True" result="Success" success="True" time="0.000" asserts="2" />
                              <test-case name="Public.Test.IO.BinarySerializeTest.BytesToObjectTest(&quot;TestID-002N&quot;,System.Byte[])" executed="True" result="Success" success="True" time="0.000" asserts="2" />
                              <test-case name="Public.Test.IO.BinarySerializeTest.BytesToObjectTest(&quot;TestID-003N&quot;,System.Byte[])" executed="True" result="Success" success="True" time="0.000" asserts="2" />
                              <test-case name="Public.Test.IO.BinarySerializeTest.BytesToObjectTest(&quot;TestID-004N&quot;,System.Byte[])" executed="True" result="Success" success="True" time="0.000" asserts="2" />
                              <test-case name="Public.Test.IO.BinarySerializeTest.BytesToObjectTest(&quot;TestID-005N&quot;,System.Byte[])" executed="True" result="Success" success="True" time="0.000" asserts="2" />
                              <test-case name="Public.Test.IO.BinarySerializeTest.BytesToObjectTest(&quot;TestID-006N&quot;,System.Byte[])" executed="True" result="Success" success="True" time="0.000" asserts="2" />
                              <test-case name="Public.Test.IO.BinarySerializeTest.BytesToObjectTest(&quot;TestID-007A&quot;,null)" executed="True" result="Success" success="True" time="0.002" asserts="0" />
                            </results>
                          </test-suite>
                          <test-suite type="ParameterizedTest" name="DeepCloneTest" executed="True" result="Success" success="True" time="0.009" asserts="0">
                            <results>
                              <test-case name="Public.Test.IO.BinarySerializeTest.DeepCloneTest(&quot;TestID-001N&quot;,System.Byte[])" executed="True" result="Success" success="True" time="0.000" asserts="1" />
                              <test-case name="Public.Test.IO.BinarySerializeTest.DeepCloneTest(&quot;TestID-002N&quot;,System.Byte[])" executed="True" result="Success" success="True" time="0.000" asserts="1" />
                              <test-case name="Public.Test.IO.BinarySerializeTest.DeepCloneTest(&quot;TestID-003A&quot;,null)" executed="True" result="Success" success="True" time="0.003" asserts="0" />
                            </results>
                          </test-suite>
                          <test-suite type="ParameterizedTest" name="ObjectToBytesTest" executed="True" result="Success" success="True" time="0.015" asserts="0">
                            <results>
                              <test-case name="Public.Test.IO.BinarySerializeTest.ObjectToBytesTest(&quot;TestID-001N&quot;,&quot;StringtoBytes&quot;)" executed="True" result="Success" success="True" time="0.000" asserts="1" />
                              <test-case name="Public.Test.IO.BinarySerializeTest.ObjectToBytesTest(&quot;TestID-002N&quot;,598)" executed="True" result="Success" success="True" time="0.000" asserts="1" />
                              <test-case name="Public.Test.IO.BinarySerializeTest.ObjectToBytesTest(&quot;TestID-003N&quot;,06/19/2014 12:35:39)" executed="True" result="Success" success="True" time="0.000" asserts="1" />
                              <test-case name="Public.Test.IO.BinarySerializeTest.ObjectToBytesTest(&quot;TestID-004A&quot;,&quot;&quot;)" executed="True" result="Success" success="True" time="0.000" asserts="1" />
                              <test-case name="Public.Test.IO.BinarySerializeTest.ObjectToBytesTest(&quot;TestID-005A&quot;,null)" executed="True" result="Success" success="True" time="0.004" asserts="0" />
                            </results>
                          </test-suite>
                        </results>
                      </test-suite>
                      <test-suite type="TestFixture" name="EmbeddedResourceLoaderTest" description="Tests for Embedded Resource Loader" executed="True" result="Failure" success="False" time="0.541" asserts="0">
                        <results>
                          <test-suite type="ParameterizedTest" name="Exists1Test" executed="True" result="Failure" success="False" time="0.135" asserts="0">
                            <results>
                              <test-case name="Public.Test.IO.EmbeddedResourceLoaderTest.Exists1Test(&quot;TestID-001N&quot;,&quot;Public&quot;,&quot;Touryo.Infrastructure.Public.Resources.PublicExceptionMessageResource.resources&quot;,False)" executed="True" result="Success" success="True" time="0.000" asserts="1" />
                              <test-case name="Public.Test.IO.EmbeddedResourceLoaderTest.Exists1Test(&quot;TestID-002N&quot;,&quot;Public&quot;,&quot;Touryo.Infrastructure.Public.Resources.PublicExceptionMessageResource.resources&quot;,True)" executed="True" result="Success" success="True" time="0.000" asserts="1" />
                              <test-case name="Public.Test.IO.EmbeddedResourceLoaderTest.Exists1Test(&quot;TestID-003N&quot;,&quot;&quot;,&quot;Touryo.Infrastructure.Public.Resources.PublicExceptionMessageResource.resources&quot;,False)" executed="True" result="Success" success="True" time="0.002" asserts="1" />
                              <test-case name="Public.Test.IO.EmbeddedResourceLoaderTest.Exists1Test(&quot;TestID-004A&quot;,&quot;&quot;,&quot;Touryo.Infrastructure.Public.Resources.PublicExceptionMessageResource.resources&quot;,True)" executed="True" result="Failure" success="False" time="0.002" asserts="0">
                                <failure>
                                  <message><![CDATA[An unexpected exception type was thrown
Expected: System.ArgumentNullException
 but was: System.ArgumentException : リソースファイル[Touryo.Infrastructure.Public.Resources.PublicExceptionMessageResource.resources]は見つかりませんでした。]]></message>
                                  <stack-trace><![CDATA[場所 Touryo.Infrastructure.Public.IO.EmbeddedResourceLoader.Exists(String assemblyString, String loadfileName, Boolean throwException) 場所 C:\Appmills2\git\root\programs\C#\Frameworks\Infrastructure\Public\IO\EmbeddedResourceLoader.cs:行 148
場所 Public.Test.IO.EmbeddedResourceLoaderTest.Exists1Test(String testCaseID, String assemblyString, String loadfileName, Boolean throwException) 場所 C:\OpenTouryo\root\programs\C#\Tests\Public.Test\IO\EmbeddedResourceLoaderTest.cs:行 138
]]></stack-trace>
                                </failure>
                              </test-case>
                              <test-case name="Public.Test.IO.EmbeddedResourceLoaderTest.Exists1Test(&quot;TestID-005A&quot;,null,&quot;Touryo.Infrastructure.Public.Resources.PublicExceptionMessageResource.resources&quot;,False)" executed="True" result="Success" success="True" time="0.002" asserts="1" />
                              <test-case name="Public.Test.IO.EmbeddedResourceLoaderTest.Exists1Test(&quot;TestID-006A&quot;,null,null,False)" executed="True" result="Success" success="True" time="0.002" asserts="1" />
                              <test-case name="Public.Test.IO.EmbeddedResourceLoaderTest.Exists1Test(&quot;TestID-007A&quot;,null,&quot;Touryo.Infrastructure.Public.Resources.PublicExceptionMessageResource.resources&quot;,True)" executed="True" result="Failure" success="False" time="0.002" asserts="0">
                                <failure>
                                  <message><![CDATA[An unexpected exception type was thrown
Expected: System.ArgumentNullException
 but was: System.ArgumentException : リソースファイル[Touryo.Infrastructure.Public.Resources.PublicExceptionMessageResource.resources]は見つかりませんでした。]]></message>
                                  <stack-trace><![CDATA[場所 Touryo.Infrastructure.Public.IO.EmbeddedResourceLoader.Exists(String assemblyString, String loadfileName, Boolean throwException) 場所 C:\Appmills2\git\root\programs\C#\Frameworks\Infrastructure\Public\IO\EmbeddedResourceLoader.cs:行 148
場所 Public.Test.IO.EmbeddedResourceLoaderTest.Exists1Test(String testCaseID, String assemblyString, String loadfileName, Boolean throwException) 場所 C:\OpenTouryo\root\programs\C#\Tests\Public.Test\IO\EmbeddedResourceLoaderTest.cs:行 138
]]></stack-trace>
                                </failure>
                              </test-case>
                              <test-case name="Public.Test.IO.EmbeddedResourceLoaderTest.Exists1Test(&quot;TestID-008A&quot;,null,null,True)" executed="True" result="Failure" success="False" time="0.002" asserts="0">
                                <failure>
                                  <message><![CDATA[An unexpected exception type was thrown
Expected: System.ArgumentNullException
 but was: System.ArgumentException : リソースファイル[]は見つかりませんでした。]]></message>
                                  <stack-trace><![CDATA[場所 Touryo.Infrastructure.Public.IO.EmbeddedResourceLoader.Exists(String assemblyString, String loadfileName, Boolean throwException) 場所 C:\Appmills2\git\root\programs\C#\Frameworks\Infrastructure\Public\IO\EmbeddedResourceLoader.cs:行 148
場所 Public.Test.IO.EmbeddedResourceLoaderTest.Exists1Test(String testCaseID, String assemblyString, String loadfileName, Boolean throwException) 場所 C:\OpenTouryo\root\programs\C#\Tests\Public.Test\IO\EmbeddedResourceLoaderTest.cs:行 138
]]></stack-trace>
                                </failure>
                              </test-case>
                            </results>
                          </test-suite>
                          <test-suite type="ParameterizedTest" name="ExistsTest" executed="True" result="Failure" success="False" time="0.059" asserts="0">
                            <results>
                              <test-case name="Public.Test.IO.EmbeddedResourceLoaderTest.ExistsTest(&quot;TestID-005A&quot;,&quot;&quot;,True)" executed="True" result="Failure" success="False" time="0.005" asserts="0">
                                <failure>
                                  <message><![CDATA[An unexpected exception type was thrown
Expected: System.ArgumentNullException
 but was: System.ArgumentException : リソースファイル[]は見つかりませんでした。]]></message>
                                  <stack-trace><![CDATA[場所 Touryo.Infrastructure.Public.IO.EmbeddedResourceLoader.Exists(String assemblyString, String loadfileName, Boolean throwException) 場所 C:\Appmills2\git\root\programs\C#\Frameworks\Infrastructure\Public\IO\EmbeddedResourceLoader.cs:行 148
場所 Touryo.Infrastructure.Public.IO.EmbeddedResourceLoader.Exists(String loadfileName, Boolean throwException) 場所 C:\Appmills2\git\root\programs\C#\Frameworks\Infrastructure\Public\IO\EmbeddedResourceLoader.cs:行 105
場所 Public.Test.IO.EmbeddedResourceLoaderTest.ExistsTest(String testCaseID, String loadfileName, Boolean throwException) 場所 C:\OpenTouryo\root\programs\C#\Tests\Public.Test\IO\EmbeddedResourceLoaderTest.cs:行 119
]]></stack-trace>
                                </failure>
                              </test-case>
                              <test-case name="Public.Test.IO.EmbeddedResourceLoaderTest.ExistsTest(&quot;TestID-006A&quot;,null,True)" executed="True" result="Failure" success="False" time="0.004" asserts="0">
                                <failure>
                                  <message><![CDATA[An unexpected exception type was thrown
Expected: System.ArgumentNullException
 but was: System.ArgumentException : リソースファイル[]は見つかりませんでした。]]></message>
                                  <stack-trace><![CDATA[場所 Touryo.Infrastructure.Public.IO.EmbeddedResourceLoader.Exists(String assemblyString, String loadfileName, Boolean throwException) 場所 C:\Appmills2\git\root\programs\C#\Frameworks\Infrastructure\Public\IO\EmbeddedResourceLoader.cs:行 148
場所 Touryo.Infrastructure.Public.IO.EmbeddedResourceLoader.Exists(String loadfileName, Boolean throwException) 場所 C:\Appmills2\git\root\programs\C#\Frameworks\Infrastructure\Public\IO\EmbeddedResourceLoader.cs:行 105
場所 Public.Test.IO.EmbeddedResourceLoaderTest.ExistsTest(String testCaseID, String loadfileName, Boolean throwException) 場所 C:\OpenTouryo\root\programs\C#\Tests\Public.Test\IO\EmbeddedResourceLoaderTest.cs:行 119
]]></stack-trace>
                                </failure>
                              </test-case>
                              <test-case name="Public.Test.IO.EmbeddedResourceLoaderTest.ExistsTest(&quot;TestID-001N&quot;,&quot;Touryo.Infrastructure.Public.Resources.PublicExceptionMessageResource.resources&quot;,False)" executed="True" result="Success" success="True" time="0.001" asserts="1" />
                              <test-case name="Public.Test.IO.EmbeddedResourceLoaderTest.ExistsTest(&quot;TestID-002N&quot;,&quot;Touryo.Infrastructure.Public.Resources.PublicExceptionMessageResource.resources&quot;,True)" executed="True" result="Failure" success="False" time="0.002" asserts="0">
                                <failure>
                                  <message><![CDATA[An unexpected exception type was thrown
Expected: System.ArgumentNullException
 but was: System.ArgumentException : リソースファイル[Touryo.Infrastructure.Public.Resources.PublicExceptionMessageResource.resources]は見つかりませんでした。]]></message>
                                  <stack-trace><![CDATA[場所 Touryo.Infrastructure.Public.IO.EmbeddedResourceLoader.Exists(String assemblyString, String loadfileName, Boolean throwException) 場所 C:\Appmills2\git\root\programs\C#\Frameworks\Infrastructure\Public\IO\EmbeddedResourceLoader.cs:行 148
場所 Touryo.Infrastructure.Public.IO.EmbeddedResourceLoader.Exists(String loadfileName, Boolean throwException) 場所 C:\Appmills2\git\root\programs\C#\Frameworks\Infrastructure\Public\IO\EmbeddedResourceLoader.cs:行 105
場所 Public.Test.IO.EmbeddedResourceLoaderTest.ExistsTest(String testCaseID, String loadfileName, Boolean throwException) 場所 C:\OpenTouryo\root\programs\C#\Tests\Public.Test\IO\EmbeddedResourceLoaderTest.cs:行 119
]]></stack-trace>
                                </failure>
                              </test-case>
                              <test-case name="Public.Test.IO.EmbeddedResourceLoaderTest.ExistsTest(&quot;TestID-003N&quot;,&quot;Touryo.Infrastructure.Public.Resources.PublicExceptionMessageResource1.resources&quot;,False)" executed="True" result="Success" success="True" time="0.001" asserts="1" />
                              <test-case name="Public.Test.IO.EmbeddedResourceLoaderTest.ExistsTest(&quot;TestID-004A&quot;,&quot;Touryo.Infrastructure.Public.Resources.PublicExceptionMessageResource1.resources&quot;,True)" executed="True" result="Failure" success="False" time="0.002" asserts="0">
                                <failure>
                                  <message><![CDATA[An unexpected exception type was thrown
Expected: System.ArgumentNullException
 but was: System.ArgumentException : リソースファイル[Touryo.Infrastructure.Public.Resources.PublicExceptionMessageResource1.resources]は見つかりませんでした。]]></message>
                                  <stack-trace><![CDATA[場所 Touryo.Infrastructure.Public.IO.EmbeddedResourceLoader.Exists(String assemblyString, String loadfileName, Boolean throwException) 場所 C:\Appmills2\git\root\programs\C#\Frameworks\Infrastructure\Public\IO\EmbeddedResourceLoader.cs:行 148
場所 Touryo.Infrastructure.Public.IO.EmbeddedResourceLoader.Exists(String loadfileName, Boolean throwException) 場所 C:\Appmills2\git\root\programs\C#\Frameworks\Infrastructure\Public\IO\EmbeddedResourceLoader.cs:行 105
場所 Public.Test.IO.EmbeddedResourceLoaderTest.ExistsTest(String testCaseID, String loadfileName, Boolean throwException) 場所 C:\OpenTouryo\root\programs\C#\Tests\Public.Test\IO\EmbeddedResourceLoaderTest.cs:行 119
]]></stack-trace>
                                </failure>
                              </test-case>
                            </results>
                          </test-suite>
                          <test-suite type="ParameterizedTest" name="LoadAsString1Test" executed="True" result="Failure" success="False" time="0.111" asserts="0">
                            <results>
                              <test-case name="Public.Test.IO.EmbeddedResourceLoaderTest.LoadAsString1Test(&quot;TestID-001N&quot;,&quot;Public&quot;,&quot;Touryo.Infrastructure.Public.Resources.PublicExceptionMessageResource.resources&quot;,System.Text.ASCIIEncoding)" executed="True" result="Success" success="True" time="0.000" asserts="1" />
                              <test-case name="Public.Test.IO.EmbeddedResourceLoaderTest.LoadAsString1Test(&quot;TestID-002N&quot;,&quot;Public&quot;,&quot;Touryo.Infrastructure.Public.Resources.PublicExceptionMessageResource.resources&quot;,System.Text.DBCSCodePageEncoding)" executed="True" result="Success" success="True" time="0.000" asserts="1" />
                              <test-case name="Public.Test.IO.EmbeddedResourceLoaderTest.LoadAsString1Test(&quot;TestID-003N&quot;,&quot;Framework&quot;,&quot;Touryo.Infrastructure.Framework.Resources.FrameworkExceptionMessageResource.resources&quot;,System.Text.UTF8Encoding)" executed="True" result="Failure" success="False" time="0.002" asserts="0">
                                <failure>
                                  <message><![CDATA[An unexpected exception type was thrown
Expected: System.ArgumentNullException
 but was: System.ArgumentException : リソースファイル[Touryo.Infrastructure.Framework.Resources.FrameworkExceptionMessageResource.resources]は見つかりませんでした。]]></message>
                                  <stack-trace><![CDATA[場所 Touryo.Infrastructure.Public.IO.EmbeddedResourceLoader.LoadAsString(String assemblyString, String loadfileName, Encoding enc) 場所 C:\Appmills2\git\root\programs\C#\Frameworks\Infrastructure\Public\IO\EmbeddedResourceLoader.cs:行 221
場所 Public.Test.IO.EmbeddedResourceLoaderTest.LoadAsString1Test(String testCaseID, String assemblyString, String loadfileName, Encoding enc) 場所 C:\OpenTouryo\root\programs\C#\Tests\Public.Test\IO\EmbeddedResourceLoaderTest.cs:行 205
]]></stack-trace>
                                </failure>
                              </test-case>
                              <test-case name="Public.Test.IO.EmbeddedResourceLoaderTest.LoadAsString1Test(&quot;TestID-004N&quot;,&quot;Framework&quot;,&quot;Touryo.Infrastructure.Framework.Resources.FrameworkExceptionMessageResource.resources&quot;,System.Text.UTF7Encoding)" executed="True" result="Failure" success="False" time="0.002" asserts="0">
                                <failure>
                                  <message><![CDATA[An unexpected exception type was thrown
Expected: System.ArgumentNullException
 but was: System.ArgumentException : リソースファイル[Touryo.Infrastructure.Framework.Resources.FrameworkExceptionMessageResource.resources]は見つかりませんでした。]]></message>
                                  <stack-trace><![CDATA[場所 Touryo.Infrastructure.Public.IO.EmbeddedResourceLoader.LoadAsString(String assemblyString, String loadfileName, Encoding enc) 場所 C:\Appmills2\git\root\programs\C#\Frameworks\Infrastructure\Public\IO\EmbeddedResourceLoader.cs:行 221
場所 Public.Test.IO.EmbeddedResourceLoaderTest.LoadAsString1Test(String testCaseID, String assemblyString, String loadfileName, Encoding enc) 場所 C:\OpenTouryo\root\programs\C#\Tests\Public.Test\IO\EmbeddedResourceLoaderTest.cs:行 205
]]></stack-trace>
                                </failure>
                              </test-case>
                              <test-case name="Public.Test.IO.EmbeddedResourceLoaderTest.LoadAsString1Test(&quot;TestID-005A&quot;,&quot;Publics&quot;,&quot;Touryo.Infrastructure.Public.Resources.PublicExceptionMessageResource.resources&quot;,System.Text.ASCIIEncoding)" executed="True" result="Failure" success="False" time="0.002" asserts="0">
                                <failure>
                                  <message><![CDATA[An unexpected exception type was thrown
Expected: System.ArgumentNullException
 but was: System.ArgumentException : リソースファイル[Touryo.Infrastructure.Public.Resources.PublicExceptionMessageResource.resources]は見つかりませんでした。]]></message>
                                  <stack-trace><![CDATA[場所 Touryo.Infrastructure.Public.IO.EmbeddedResourceLoader.LoadAsString(String assemblyString, String loadfileName, Encoding enc) 場所 C:\Appmills2\git\root\programs\C#\Frameworks\Infrastructure\Public\IO\EmbeddedResourceLoader.cs:行 221
場所 Public.Test.IO.EmbeddedResourceLoaderTest.LoadAsString1Test(String testCaseID, String assemblyString, String loadfileName, Encoding enc) 場所 C:\OpenTouryo\root\programs\C#\Tests\Public.Test\IO\EmbeddedResourceLoaderTest.cs:行 205
]]></stack-trace>
                                </failure>
                              </test-case>
                              <test-case name="Public.Test.IO.EmbeddedResourceLoaderTest.LoadAsString1Test(&quot;TestID-006A&quot;,&quot;Publics&quot;,&quot;Touryo.Infrastructure.Public.Resources.PublicExceptionMessageResource.resources&quot;,System.Text.DBCSCodePageEncoding)" executed="True" result="Failure" success="False" time="0.003" asserts="0">
                                <failure>
                                  <message><![CDATA[An unexpected exception type was thrown
Expected: System.ArgumentNullException
 but was: System.ArgumentException : リソースファイル[Touryo.Infrastructure.Public.Resources.PublicExceptionMessageResource.resources]は見つかりませんでした。]]></message>
                                  <stack-trace><![CDATA[場所 Touryo.Infrastructure.Public.IO.EmbeddedResourceLoader.LoadAsString(String assemblyString, String loadfileName, Encoding enc) 場所 C:\Appmills2\git\root\programs\C#\Frameworks\Infrastructure\Public\IO\EmbeddedResourceLoader.cs:行 221
場所 Public.Test.IO.EmbeddedResourceLoaderTest.LoadAsString1Test(String testCaseID, String assemblyString, String loadfileName, Encoding enc) 場所 C:\OpenTouryo\root\programs\C#\Tests\Public.Test\IO\EmbeddedResourceLoaderTest.cs:行 205
]]></stack-trace>
                                </failure>
                              </test-case>
                              <test-case name="Public.Test.IO.EmbeddedResourceLoaderTest.LoadAsString1Test(&quot;TestID-007A&quot;,&quot;Frameworks&quot;,&quot;Touryo.Infrastructure.Public.Resources.FrameworkExceptionMessageResource.resources&quot;,System.Text.UTF8Encoding)" executed="True" result="Failure" success="False" time="0.002" asserts="0">
                                <failure>
                                  <message><![CDATA[An unexpected exception type was thrown
Expected: System.ArgumentNullException
 but was: System.ArgumentException : リソースファイル[Touryo.Infrastructure.Public.Resources.FrameworkExceptionMessageResource.resources]は見つかりませんでした。]]></message>
                                  <stack-trace><![CDATA[場所 Touryo.Infrastructure.Public.IO.EmbeddedResourceLoader.LoadAsString(String assemblyString, String loadfileName, Encoding enc) 場所 C:\Appmills2\git\root\programs\C#\Frameworks\Infrastructure\Public\IO\EmbeddedResourceLoader.cs:行 221
場所 Public.Test.IO.EmbeddedResourceLoaderTest.LoadAsString1Test(String testCaseID, String assemblyString, String loadfileName, Encoding enc) 場所 C:\OpenTouryo\root\programs\C#\Tests\Public.Test\IO\EmbeddedResourceLoaderTest.cs:行 205
]]></stack-trace>
                                </failure>
                              </test-case>
                              <test-case name="Public.Test.IO.EmbeddedResourceLoaderTest.LoadAsString1Test(&quot;TestID-008A&quot;,&quot;Frameworks&quot;,&quot;Touryo.Infrastructure.Public.Resources.FrameworkExceptionMessageResource.resources&quot;,System.Text.UTF8Encoding)" executed="True" result="Failure" success="False" time="0.002" asserts="0">
                                <failure>
                                  <message><![CDATA[An unexpected exception type was thrown
Expected: System.ArgumentNullException
 but was: System.ArgumentException : リソースファイル[Touryo.Infrastructure.Public.Resources.FrameworkExceptionMessageResource.resources]は見つかりませんでした。]]></message>
                                  <stack-trace><![CDATA[場所 Touryo.Infrastructure.Public.IO.EmbeddedResourceLoader.LoadAsString(String assemblyString, String loadfileName, Encoding enc) 場所 C:\Appmills2\git\root\programs\C#\Frameworks\Infrastructure\Public\IO\EmbeddedResourceLoader.cs:行 221
場所 Public.Test.IO.EmbeddedResourceLoaderTest.LoadAsString1Test(String testCaseID, String assemblyString, String loadfileName, Encoding enc) 場所 C:\OpenTouryo\root\programs\C#\Tests\Public.Test\IO\EmbeddedResourceLoaderTest.cs:行 205
]]></stack-trace>
                                </failure>
                              </test-case>
                              <test-case name="Public.Test.IO.EmbeddedResourceLoaderTest.LoadAsString1Test(&quot;TestID-009A&quot;,&quot;Public&quot;,&quot;Touryo.Infrastructure.Public.Resources.PublicExceptionMessageResource1.resources&quot;,System.Text.DBCSCodePageEncoding)" executed="True" result="Failure" success="False" time="0.002" asserts="0">
                                <failure>
                                  <message><![CDATA[An unexpected exception type was thrown
Expected: System.ArgumentNullException
 but was: System.ArgumentException : リソースファイル[Touryo.Infrastructure.Public.Resources.PublicExceptionMessageResource1.resources]は見つかりませんでした。]]></message>
                                  <stack-trace><![CDATA[場所 Touryo.Infrastructure.Public.IO.EmbeddedResourceLoader.LoadAsString(String assemblyString, String loadfileName, Encoding enc) 場所 C:\Appmills2\git\root\programs\C#\Frameworks\Infrastructure\Public\IO\EmbeddedResourceLoader.cs:行 221
場所 Public.Test.IO.EmbeddedResourceLoaderTest.LoadAsString1Test(String testCaseID, String assemblyString, String loadfileName, Encoding enc) 場所 C:\OpenTouryo\root\programs\C#\Tests\Public.Test\IO\EmbeddedResourceLoaderTest.cs:行 205
]]></stack-trace>
                                </failure>
                              </test-case>
                              <test-case name="Public.Test.IO.EmbeddedResourceLoaderTest.LoadAsString1Test(&quot;TestID-0010A&quot;,&quot;Public&quot;,&quot;&quot;,System.Text.DBCSCodePageEncoding)" executed="True" result="Failure" success="False" time="0.003" asserts="0">
                                <failure>
                                  <message><![CDATA[An unexpected exception type was thrown
Expected: System.ArgumentNullException
 but was: System.ArgumentException : リソースファイル[]は見つかりませんでした。]]></message>
                                  <stack-trace><![CDATA[場所 Touryo.Infrastructure.Public.IO.EmbeddedResourceLoader.LoadAsString(String assemblyString, String loadfileName, Encoding enc) 場所 C:\Appmills2\git\root\programs\C#\Frameworks\Infrastructure\Public\IO\EmbeddedResourceLoader.cs:行 221
場所 Public.Test.IO.EmbeddedResourceLoaderTest.LoadAsString1Test(String testCaseID, String assemblyString, String loadfileName, Encoding enc) 場所 C:\OpenTouryo\root\programs\C#\Tests\Public.Test\IO\EmbeddedResourceLoaderTest.cs:行 205
]]></stack-trace>
                                </failure>
                              </test-case>
                              <test-case name="Public.Test.IO.EmbeddedResourceLoaderTest.LoadAsString1Test(&quot;TestID-0011A&quot;,&quot;Public&quot;,&quot;Touryo.Infrastructure.Public.Resources.PublicExceptionMessageResource.resources&quot;,null)" executed="True" result="Success" success="True" time="0.001" asserts="0" />
                            </results>
                          </test-suite>
                          <test-suite type="ParameterizedTest" name="LoadAsStringTest" executed="True" result="Failure" success="False" time="0.045" asserts="0">
                            <results>
                              <test-case name="Public.Test.IO.EmbeddedResourceLoaderTest.LoadAsStringTest(&quot;TestID-001N&quot;,&quot;Touryo.Infrastructure.Public.Resources.PublicExceptionMessageResource.resources&quot;,System.Text.ASCIIEncoding)" executed="True" result="Failure" success="False" time="0.004" asserts="0">
                                <failure>
                                  <message><![CDATA[An unexpected exception type was thrown
Expected: System.ArgumentNullException
 but was: System.ArgumentException : リソースファイル[Touryo.Infrastructure.Public.Resources.PublicExceptionMessageResource.resources]は見つかりませんでした。]]></message>
                                  <stack-trace><![CDATA[場所 Touryo.Infrastructure.Public.IO.EmbeddedResourceLoader.LoadAsString(String assemblyString, String loadfileName, Encoding enc) 場所 C:\Appmills2\git\root\programs\C#\Frameworks\Infrastructure\Public\IO\EmbeddedResourceLoader.cs:行 221
場所 Touryo.Infrastructure.Public.IO.EmbeddedResourceLoader.LoadAsString(String loadfileName, Encoding enc) 場所 C:\Appmills2\git\root\programs\C#\Frameworks\Infrastructure\Public\IO\EmbeddedResourceLoader.cs:行 169
場所 Public.Test.IO.EmbeddedResourceLoaderTest.LoadAsStringTest(String testCaseID, String loadfileName, Encoding enc) 場所 C:\OpenTouryo\root\programs\C#\Tests\Public.Test\IO\EmbeddedResourceLoaderTest.cs:行 176
]]></stack-trace>
                                </failure>
                              </test-case>
                              <test-case name="Public.Test.IO.EmbeddedResourceLoaderTest.LoadAsStringTest(&quot;TestID-002A&quot;,&quot;&quot;,System.Text.UTF32Encoding)" executed="True" result="Failure" success="False" time="0.003" asserts="0">
                                <failure>
                                  <message><![CDATA[An unexpected exception type was thrown
Expected: System.ArgumentNullException
 but was: System.ArgumentException : リソースファイル[]は見つかりませんでした。]]></message>
                                  <stack-trace><![CDATA[場所 Touryo.Infrastructure.Public.IO.EmbeddedResourceLoader.LoadAsString(String assemblyString, String loadfileName, Encoding enc) 場所 C:\Appmills2\git\root\programs\C#\Frameworks\Infrastructure\Public\IO\EmbeddedResourceLoader.cs:行 221
場所 Touryo.Infrastructure.Public.IO.EmbeddedResourceLoader.LoadAsString(String loadfileName, Encoding enc) 場所 C:\Appmills2\git\root\programs\C#\Frameworks\Infrastructure\Public\IO\EmbeddedResourceLoader.cs:行 169
場所 Public.Test.IO.EmbeddedResourceLoaderTest.LoadAsStringTest(String testCaseID, String loadfileName, Encoding enc) 場所 C:\OpenTouryo\root\programs\C#\Tests\Public.Test\IO\EmbeddedResourceLoaderTest.cs:行 176
]]></stack-trace>
                                </failure>
                              </test-case>
                              <test-case name="Public.Test.IO.EmbeddedResourceLoaderTest.LoadAsStringTest(&quot;TestID-003A&quot;,&quot;&quot;,System.Text.UTF8Encoding)" executed="True" result="Failure" success="False" time="0.002" asserts="0">
                                <failure>
                                  <message><![CDATA[An unexpected exception type was thrown
Expected: System.ArgumentNullException
 but was: System.ArgumentException : リソースファイル[]は見つかりませんでした。]]></message>
                                  <stack-trace><![CDATA[場所 Touryo.Infrastructure.Public.IO.EmbeddedResourceLoader.LoadAsString(String assemblyString, String loadfileName, Encoding enc) 場所 C:\Appmills2\git\root\programs\C#\Frameworks\Infrastructure\Public\IO\EmbeddedResourceLoader.cs:行 221
場所 Touryo.Infrastructure.Public.IO.EmbeddedResourceLoader.LoadAsString(String loadfileName, Encoding enc) 場所 C:\Appmills2\git\root\programs\C#\Frameworks\Infrastructure\Public\IO\EmbeddedResourceLoader.cs:行 169
場所 Public.Test.IO.EmbeddedResourceLoaderTest.LoadAsStringTest(String testCaseID, String loadfileName, Encoding enc) 場所 C:\OpenTouryo\root\programs\C#\Tests\Public.Test\IO\EmbeddedResourceLoaderTest.cs:行 176
]]></stack-trace>
                                </failure>
                              </test-case>
                              <test-case name="Public.Test.IO.EmbeddedResourceLoaderTest.LoadAsStringTest(&quot;TestID-004A&quot;,null,null)" executed="True" result="Failure" success="False" time="0.002" asserts="0">
                                <failure>
                                  <message><![CDATA[An unexpected exception type was thrown
Expected: System.ArgumentNullException
 but was: System.ArgumentException : リソースファイル[]は見つかりませんでした。]]></message>
                                  <stack-trace><![CDATA[場所 Touryo.Infrastructure.Public.IO.EmbeddedResourceLoader.LoadAsString(String assemblyString, String loadfileName, Encoding enc) 場所 C:\Appmills2\git\root\programs\C#\Frameworks\Infrastructure\Public\IO\EmbeddedResourceLoader.cs:行 221
場所 Touryo.Infrastructure.Public.IO.EmbeddedResourceLoader.LoadAsString(String loadfileName, Encoding enc) 場所 C:\Appmills2\git\root\programs\C#\Frameworks\Infrastructure\Public\IO\EmbeddedResourceLoader.cs:行 169
場所 Public.Test.IO.EmbeddedResourceLoaderTest.LoadAsStringTest(String testCaseID, String loadfileName, Encoding enc) 場所 C:\OpenTouryo\root\programs\C#\Tests\Public.Test\IO\EmbeddedResourceLoaderTest.cs:行 176
]]></stack-trace>
                                </failure>
                              </test-case>
                            </results>
                          </test-suite>
                          <test-suite type="ParameterizedTest" name="LoadXMLAsString1Test" executed="True" result="Failure" success="False" time="0.076" asserts="0">
                            <results>
                              <test-case name="Public.Test.IO.EmbeddedResourceLoaderTest.LoadXMLAsString1Test(&quot;TestID-001N&quot;,&quot;Public.Test&quot;,&quot;Public.Test.XMLLoadAsString.xml&quot;)" executed="True" result="Success" success="True" time="0.000" asserts="1" />
                              <test-case name="Public.Test.IO.EmbeddedResourceLoaderTest.LoadXMLAsString1Test(&quot;TestID-002N&quot;,&quot;Public.Test&quot;,&quot;Public.Test.Load.xml&quot;)" executed="True" result="Success" success="True" time="0.000" asserts="1" />
                              <test-case name="Public.Test.IO.EmbeddedResourceLoaderTest.LoadXMLAsString1Test(&quot;TestID-003A&quot;,&quot;&quot;,&quot;Public.Test.XMLLoadAsString.xml&quot;)" executed="True" result="Failure" success="False" time="0.005" asserts="0">
                                <failure>
                                  <message><![CDATA[An unexpected exception type was thrown
Expected: System.ArgumentNullException
 but was: System.ArgumentException : リソースファイル[Public.Test.XMLLoadAsString.xml]は見つかりませんでした。]]></message>
                                  <stack-trace><![CDATA[場所 Touryo.Infrastructure.Public.IO.EmbeddedResourceLoader.LoadXMLAsString(String assemblyString, String loadfileName) 場所 C:\Appmills2\git\root\programs\C#\Frameworks\Infrastructure\Public\IO\EmbeddedResourceLoader.cs:行 310
場所 Public.Test.IO.EmbeddedResourceLoaderTest.LoadXMLAsString1Test(String testCaseID, String assemblyString, String loadfileName) 場所 C:\OpenTouryo\root\programs\C#\Tests\Public.Test\IO\EmbeddedResourceLoaderTest.cs:行 276
]]></stack-trace>
                                </failure>
                              </test-case>
                              <test-case name="Public.Test.IO.EmbeddedResourceLoaderTest.LoadXMLAsString1Test(&quot;TestID-004A&quot;,&quot;Public.Test&quot;,&quot;&quot;)" executed="True" result="Failure" success="False" time="0.003" asserts="0">
                                <failure>
                                  <message><![CDATA[An unexpected exception type was thrown
Expected: System.ArgumentNullException
 but was: System.ArgumentException : リソースファイル[]は見つかりませんでした。]]></message>
                                  <stack-trace><![CDATA[場所 Touryo.Infrastructure.Public.IO.EmbeddedResourceLoader.LoadXMLAsString(String assemblyString, String loadfileName) 場所 C:\Appmills2\git\root\programs\C#\Frameworks\Infrastructure\Public\IO\EmbeddedResourceLoader.cs:行 310
場所 Public.Test.IO.EmbeddedResourceLoaderTest.LoadXMLAsString1Test(String testCaseID, String assemblyString, String loadfileName) 場所 C:\OpenTouryo\root\programs\C#\Tests\Public.Test\IO\EmbeddedResourceLoaderTest.cs:行 276
]]></stack-trace>
                                </failure>
                              </test-case>
                              <test-case name="Public.Test.IO.EmbeddedResourceLoaderTest.LoadXMLAsString1Test(&quot;TestID-005A&quot;,null,&quot;Public.Test.XMLLoadAsString.xml&quot;)" executed="True" result="Failure" success="False" time="0.002" asserts="0">
                                <failure>
                                  <message><![CDATA[An unexpected exception type was thrown
Expected: System.ArgumentNullException
 but was: System.ArgumentException : リソースファイル[Public.Test.XMLLoadAsString.xml]は見つかりませんでした。]]></message>
                                  <stack-trace><![CDATA[場所 Touryo.Infrastructure.Public.IO.EmbeddedResourceLoader.LoadXMLAsString(String assemblyString, String loadfileName) 場所 C:\Appmills2\git\root\programs\C#\Frameworks\Infrastructure\Public\IO\EmbeddedResourceLoader.cs:行 310
場所 Public.Test.IO.EmbeddedResourceLoaderTest.LoadXMLAsString1Test(String testCaseID, String assemblyString, String loadfileName) 場所 C:\OpenTouryo\root\programs\C#\Tests\Public.Test\IO\EmbeddedResourceLoaderTest.cs:行 276
]]></stack-trace>
                                </failure>
                              </test-case>
                              <test-case name="Public.Test.IO.EmbeddedResourceLoaderTest.LoadXMLAsString1Test(&quot;TestID-006A&quot;,&quot;Public.Test&quot;,null)" executed="True" result="Failure" success="False" time="0.002" asserts="0">
                                <failure>
                                  <message><![CDATA[An unexpected exception type was thrown
Expected: System.ArgumentNullException
 but was: System.ArgumentException : リソースファイル[]は見つかりませんでした。]]></message>
                                  <stack-trace><![CDATA[場所 Touryo.Infrastructure.Public.IO.EmbeddedResourceLoader.LoadXMLAsString(String assemblyString, String loadfileName) 場所 C:\Appmills2\git\root\programs\C#\Frameworks\Infrastructure\Public\IO\EmbeddedResourceLoader.cs:行 310
場所 Public.Test.IO.EmbeddedResourceLoaderTest.LoadXMLAsString1Test(String testCaseID, String assemblyString, String loadfileName) 場所 C:\OpenTouryo\root\programs\C#\Tests\Public.Test\IO\EmbeddedResourceLoaderTest.cs:行 276
]]></stack-trace>
                                </failure>
                              </test-case>
                              <test-case name="Public.Test.IO.EmbeddedResourceLoaderTest.LoadXMLAsString1Test(&quot;TestID-007A&quot;,&quot;Public.Test&quot;,&quot;Wrongfile.xml&quot;)" executed="True" result="Failure" success="False" time="0.002" asserts="0">
                                <failure>
                                  <message><![CDATA[An unexpected exception type was thrown
Expected: System.ArgumentNullException
 but was: System.ArgumentException : リソースファイル[Wrongfile.xml]は見つかりませんでした。]]></message>
                                  <stack-trace><![CDATA[場所 Touryo.Infrastructure.Public.IO.EmbeddedResourceLoader.LoadXMLAsString(String assemblyString, String loadfileName) 場所 C:\Appmills2\git\root\programs\C#\Frameworks\Infrastructure\Public\IO\EmbeddedResourceLoader.cs:行 310
場所 Public.Test.IO.EmbeddedResourceLoaderTest.LoadXMLAsString1Test(String testCaseID, String assemblyString, String loadfileName) 場所 C:\OpenTouryo\root\programs\C#\Tests\Public.Test\IO\EmbeddedResourceLoaderTest.cs:行 276
]]></stack-trace>
                                </failure>
                              </test-case>
                              <test-case name="Public.Test.IO.EmbeddedResourceLoaderTest.LoadXMLAsString1Test(&quot;TestID-008A&quot;,&quot;Public.Test&quot;,&quot;Public.Test.Empty.xml&quot;)" executed="True" result="Failure" success="False" time="0.004" asserts="0">
                                <failure>
                                  <message><![CDATA[An unexpected exception type was thrown
Expected: System.ArgumentNullException
 but was: System.ArgumentException : XML宣言[]は不正です。]]></message>
                                  <stack-trace><![CDATA[場所 Touryo.Infrastructure.Public.IO.EmbeddedResourceLoader.LoadXMLAsString(String assemblyString, String loadfileName) 場所 C:\Appmills2\git\root\programs\C#\Frameworks\Infrastructure\Public\IO\EmbeddedResourceLoader.cs:行 338
場所 Public.Test.IO.EmbeddedResourceLoaderTest.LoadXMLAsString1Test(String testCaseID, String assemblyString, String loadfileName) 場所 C:\OpenTouryo\root\programs\C#\Tests\Public.Test\IO\EmbeddedResourceLoaderTest.cs:行 276
]]></stack-trace>
                                </failure>
                              </test-case>
                            </results>
                          </test-suite>
                          <test-suite type="ParameterizedTest" name="LoadXMLAsStringTest" executed="True" result="Failure" success="False" time="0.058" asserts="0">
                            <results>
                              <test-case name="Public.Test.IO.EmbeddedResourceLoaderTest.LoadXMLAsStringTest(&quot;TestID-001N&quot;,&quot;Public.Test.XMLLoadAsString.xml&quot;)" executed="True" result="Failure" success="False" time="0.002" asserts="0">
                                <failure>
                                  <message><![CDATA[An unexpected exception type was thrown
Expected: System.ArgumentNullException
 but was: System.ArgumentException : リソースファイル[Public.Test.XMLLoadAsString.xml]は見つかりませんでした。]]></message>
                                  <stack-trace><![CDATA[場所 Touryo.Infrastructure.Public.IO.EmbeddedResourceLoader.LoadXMLAsString(String assemblyString, String loadfileName) 場所 C:\Appmills2\git\root\programs\C#\Frameworks\Infrastructure\Public\IO\EmbeddedResourceLoader.cs:行 310
場所 Touryo.Infrastructure.Public.IO.EmbeddedResourceLoader.LoadXMLAsString(String loadfileName) 場所 C:\Appmills2\git\root\programs\C#\Frameworks\Infrastructure\Public\IO\EmbeddedResourceLoader.cs:行 257
場所 Public.Test.IO.EmbeddedResourceLoaderTest.LoadXMLAsStringTest(String testCaseID, String loadfileName) 場所 C:\OpenTouryo\root\programs\C#\Tests\Public.Test\IO\EmbeddedResourceLoaderTest.cs:行 246
]]></stack-trace>
                                </failure>
                              </test-case>
                              <test-case name="Public.Test.IO.EmbeddedResourceLoaderTest.LoadXMLAsStringTest(&quot;TestID-002N&quot;,&quot;Public.Test.Load.xml&quot;)" executed="True" result="Failure" success="False" time="0.002" asserts="0">
                                <failure>
                                  <message><![CDATA[An unexpected exception type was thrown
Expected: System.ArgumentNullException
 but was: System.ArgumentException : リソースファイル[Public.Test.Load.xml]は見つかりませんでした。]]></message>
                                  <stack-trace><![CDATA[場所 Touryo.Infrastructure.Public.IO.EmbeddedResourceLoader.LoadXMLAsString(String assemblyString, String loadfileName) 場所 C:\Appmills2\git\root\programs\C#\Frameworks\Infrastructure\Public\IO\EmbeddedResourceLoader.cs:行 310
場所 Touryo.Infrastructure.Public.IO.EmbeddedResourceLoader.LoadXMLAsString(String loadfileName) 場所 C:\Appmills2\git\root\programs\C#\Frameworks\Infrastructure\Public\IO\EmbeddedResourceLoader.cs:行 257
場所 Public.Test.IO.EmbeddedResourceLoaderTest.LoadXMLAsStringTest(String testCaseID, String loadfileName) 場所 C:\OpenTouryo\root\programs\C#\Tests\Public.Test\IO\EmbeddedResourceLoaderTest.cs:行 246
]]></stack-trace>
                                </failure>
                              </test-case>
                              <test-case name="Public.Test.IO.EmbeddedResourceLoaderTest.LoadXMLAsStringTest(&quot;TestID-003N&quot;,&quot;Wrongfile.xml&quot;)" executed="True" result="Failure" success="False" time="0.002" asserts="0">
                                <failure>
                                  <message><![CDATA[An unexpected exception type was thrown
Expected: System.ArgumentNullException
 but was: System.ArgumentException : リソースファイル[Wrongfile.xml]は見つかりませんでした。]]></message>
                                  <stack-trace><![CDATA[場所 Touryo.Infrastructure.Public.IO.EmbeddedResourceLoader.LoadXMLAsString(String assemblyString, String loadfileName) 場所 C:\Appmills2\git\root\programs\C#\Frameworks\Infrastructure\Public\IO\EmbeddedResourceLoader.cs:行 310
場所 Touryo.Infrastructure.Public.IO.EmbeddedResourceLoader.LoadXMLAsString(String loadfileName) 場所 C:\Appmills2\git\root\programs\C#\Frameworks\Infrastructure\Public\IO\EmbeddedResourceLoader.cs:行 257
場所 Public.Test.IO.EmbeddedResourceLoaderTest.LoadXMLAsStringTest(String testCaseID, String loadfileName) 場所 C:\OpenTouryo\root\programs\C#\Tests\Public.Test\IO\EmbeddedResourceLoaderTest.cs:行 246
]]></stack-trace>
                                </failure>
                              </test-case>
                              <test-case name="Public.Test.IO.EmbeddedResourceLoaderTest.LoadXMLAsStringTest(&quot;TestID-004A&quot;,&quot;&quot;)" executed="True" result="Failure" success="False" time="0.002" asserts="0">
                                <failure>
                                  <message><![CDATA[An unexpected exception type was thrown
Expected: System.ArgumentNullException
 but was: System.ArgumentException : リソースファイル[]は見つかりませんでした。]]></message>
                                  <stack-trace><![CDATA[場所 Touryo.Infrastructure.Public.IO.EmbeddedResourceLoader.LoadXMLAsString(String assemblyString, String loadfileName) 場所 C:\Appmills2\git\root\programs\C#\Frameworks\Infrastructure\Public\IO\EmbeddedResourceLoader.cs:行 310
場所 Touryo.Infrastructure.Public.IO.EmbeddedResourceLoader.LoadXMLAsString(String loadfileName) 場所 C:\Appmills2\git\root\programs\C#\Frameworks\Infrastructure\Public\IO\EmbeddedResourceLoader.cs:行 257
場所 Public.Test.IO.EmbeddedResourceLoaderTest.LoadXMLAsStringTest(String testCaseID, String loadfileName) 場所 C:\OpenTouryo\root\programs\C#\Tests\Public.Test\IO\EmbeddedResourceLoaderTest.cs:行 246
]]></stack-trace>
                                </failure>
                              </test-case>
                              <test-case name="Public.Test.IO.EmbeddedResourceLoaderTest.LoadXMLAsStringTest(&quot;TestID-005A&quot;,null)" executed="True" result="Failure" success="False" time="0.004" asserts="0">
                                <failure>
                                  <message><![CDATA[An unexpected exception type was thrown
Expected: System.ArgumentNullException
 but was: System.ArgumentException : リソースファイル[]は見つかりませんでした。]]></message>
                                  <stack-trace><![CDATA[場所 Touryo.Infrastructure.Public.IO.EmbeddedResourceLoader.LoadXMLAsString(String assemblyString, String loadfileName) 場所 C:\Appmills2\git\root\programs\C#\Frameworks\Infrastructure\Public\IO\EmbeddedResourceLoader.cs:行 310
場所 Touryo.Infrastructure.Public.IO.EmbeddedResourceLoader.LoadXMLAsString(String loadfileName) 場所 C:\Appmills2\git\root\programs\C#\Frameworks\Infrastructure\Public\IO\EmbeddedResourceLoader.cs:行 257
場所 Public.Test.IO.EmbeddedResourceLoaderTest.LoadXMLAsStringTest(String testCaseID, String loadfileName) 場所 C:\OpenTouryo\root\programs\C#\Tests\Public.Test\IO\EmbeddedResourceLoaderTest.cs:行 246
]]></stack-trace>
                                </failure>
                              </test-case>
                            </results>
                          </test-suite>
                        </results>
                      </test-suite>
                      <test-suite type="TestFixture" name="ResourceLoaderTest" description="Tests for Resource Loader" executed="True" result="Failure" success="False" time="0.201" asserts="0">
                        <results>
                          <test-suite type="ParameterizedTest" name="ExistsTest" executed="True" result="Failure" success="False" time="0.033" asserts="0">
                            <results>
                              <test-case name="Public.Test.IO.ResourceLoaderTest.ExistsTest(&quot;TestID-001A&quot;,&quot;&quot;,True)" executed="True" result="Failure" success="False" time="0.002" asserts="0">
                                <failure>
                                  <message><![CDATA[An unexpected exception type was thrown
Expected: System.ArgumentNullException
 but was: System.ArgumentException : リソースファイル[]は見つかりませんでした。]]></message>
                                  <stack-trace><![CDATA[場所 Touryo.Infrastructure.Public.IO.ResourceLoader.Exists(String loadfilepath, Boolean throwException) 場所 C:\Appmills2\git\root\programs\C#\Frameworks\Infrastructure\Public\IO\ResourceLoader.cs:行 67
場所 Public.Test.IO.ResourceLoaderTest.ExistsTest(String testCaseID, String loadfilepath, Boolean throwException) 場所 C:\OpenTouryo\root\programs\C#\Tests\Public.Test\IO\ResourceLoaderTest.cs:行 106
]]></stack-trace>
                                </failure>
                              </test-case>
                              <test-case name="Public.Test.IO.ResourceLoaderTest.ExistsTest(&quot;TestID-002A&quot;,&quot;&quot;,False)" executed="True" result="Success" success="True" time="0.005" asserts="1" />
                              <test-case name="Public.Test.IO.ResourceLoaderTest.ExistsTest(&quot;TestID-003A&quot;,null,null)" executed="True" result="Success" success="True" time="0.001" asserts="1" />
                              <test-case name="Public.Test.IO.ResourceLoaderTest.ExistsTest(&quot;TestID-004N&quot;,&quot;C:\\OpenTouryo\\root\\files\\tools\\DGenTemplates\\ConditionalSearch.aspx&quot;,True)" executed="True" result="Success" success="True" time="0.000" asserts="1" />
[...]
場所 Touryo.Infrastructure.Public.Util.PubCmnFunction.GetPropsFromPropString(String propString) 場所 C:\Appmills2\git\root\programs\C#\Frameworks\Infrastructure\Public\Util\PubCmnFunction.cs:行 245
場所 Public.Test.Util.PubCmnFunctionTest.GetPropsFromPropStringTest(String testCaseID, String propString) 場所 C:\OpenTouryo\root\programs\C#\Tests\Public.Test\Util\PubCmnFunctionTest.cs:行 365
]]></stack-trace>
                                </failure>
                              </test-case>
                              <test-case name="Public.Test.Util.PubCmnFunctionTest.GetPropsFromPropStringTest(&quot;TestID-003A&quot;,&quot;=CategoryID=0001;CategoryName=Test&quot;)" executed="True" result="Failure" success="False" time="0.002" asserts="0">
                                <failure>
                                  <message><![CDATA[An unexpected exception type was thrown
Expected: System.ArgumentNullException
 but was: System.ArgumentException : プロパティ文字列フォーマットが不正です。：開始文字が不正です（=、;、}、）。]]></message>
                                  <stack-trace><![CDATA[場所 Touryo.Infrastructure.Public.Util.PubCmnFunction.ThrowPropStringFormatException(String detail) 場所 C:\Appmills2\git\root\programs\C#\Frameworks\Infrastructure\Public\Util\PubCmnFunction.cs:行 314
場所 Touryo.Infrastructure.Public.Util.PubCmnFunction.GetPropsFromPropString(String propString) 場所 C:\Appmills2\git\root\programs\C#\Frameworks\Infrastructure\Public\Util\PubCmnFunction.cs:行 107
場所 Public.Test.Util.PubCmnFunctionTest.GetPropsFromPropStringTest(String testCaseID, String propString) 場所 C:\OpenTouryo\root\programs\C#\Tests\Public.Test\Util\PubCmnFunctionTest.cs:行 365
]]></stack-trace>
                                </failure>
                              </test-case>
                              <test-case name="Public.Test.Util.PubCmnFunctionTest.GetPropsFromPropStringTest(&quot;TestID-004A&quot;,&quot;;CategoryID=0001;CategoryName=Test&quot;)" executed="True" result="Failure" success="False" time="0.002" asserts="0">
                                <failure>
                                  <message><![CDATA[An unexpected exception type was thrown
Expected: System.ArgumentNullException
 but was: System.ArgumentException : プロパティ文字列フォーマットが不正です。：開始文字が不正です（=、;、}、）。]]></message>
                                  <stack-trace><![CDATA[場所 Touryo.Infrastructure.Public.Util.PubCmnFunction.ThrowPropStringFormatException(String detail) 場所 C:\Appmills2\git\root\programs\C#\Frameworks\Infrastructure\Public\Util\PubCmnFunction.cs:行 314
場所 Touryo.Infrastructure.Public.Util.PubCmnFunction.GetPropsFromPropString(String propString) 場所 C:\Appmills2\git\root\programs\C#\Frameworks\Infrastructure\Public\Util\PubCmnFunction.cs:行 107
場所 Public.Test.Util.PubCmnFunctionTest.GetPropsFromPropStringTest(String testCaseID, String propString) 場所 C:\OpenTouryo\root\programs\C#\Tests\Public.Test\Util\PubCmnFunctionTest.cs:行 365
]]></stack-trace>
                                </failure>
                              </test-case>
                              <test-case name="Public.Test.Util.PubCmnFunctionTest.GetPropsFromPropStringTest(&quot;TestID-005A&quot;,&quot;}CategoryID=0001;CategoryName=Test&quot;)" executed="True" result="Failure" success="False" time="0.002" asserts="0">
                                <failure>
                                  <message><![CDATA[An unexpected exception type was thrown
Expected: System.ArgumentNullException
 but was: System.ArgumentException : プロパティ文字列フォーマットが不正です。：開始文字が不正です（=、;、}、）。]]></message>
                                  <stack-trace><![CDATA[場所 Touryo.Infrastructure.Public.Util.PubCmnFunction.ThrowPropStringFormatException(String detail) 場所 C:\Appmills2\git\root\programs\C#\Frameworks\Infrastructure\Public\Util\PubCmnFunction.cs:行 314
場所 Touryo.Infrastructure.Public.Util.PubCmnFunction.GetPropsFromPropString(String propString) 場所 C:\Appmills2\git\root\programs\C#\Frameworks\Infrastructure\Public\Util\PubCmnFunction.cs:行 107
場所 Public.Test.Util.PubCmnFunctionTest.GetPropsFromPropStringTest(String testCaseID, String propString) 場所 C:\OpenTouryo\root\programs\C#\Tests\Public.Test\Util\PubCmnFunctionTest.cs:行 365
]]></stack-trace>
                                </failure>
                              </test-case>
                              <test-case name="Public.Test.Util.PubCmnFunctionTest.GetPropsFromPropStringTest(&quot;TestID-006A&quot;,&quot;CategoryID0001;CategoryName=Test&quot;)" executed="True" result="Failure" success="False" time="0.002" asserts="0">
                                <failure>
                                  <message><![CDATA[An unexpected exception type was thrown
Expected: System.ArgumentNullException
 but was: System.ArgumentException : プロパティ文字列フォーマットが不正です。：プロパティ名の区切り文字が不正です。]]></message>
                                  <stack-trace><![CDATA[場所 Touryo.Infrastructure.Public.Util.PubCmnFunction.ThrowPropStringFormatException(String detail) 場所 C:\Appmills2\git\root\programs\C#\Frameworks\Infrastructure\Public\Util\PubCmnFunction.cs:行 314
場所 Touryo.Infrastructure.Public.Util.PubCmnFunction.GetPropsFromPropString(String propString) 場所 C:\Appmills2\git\root\programs\C#\Frameworks\Infrastructure\Public\Util\PubCmnFunction.cs:行 245
場所 Public.Test.Util.PubCmnFunctionTest.GetPropsFromPropStringTest(String testCaseID, String propString) 場所 C:\OpenTouryo\root\programs\C#\Tests\Public.Test\Util\PubCmnFunctionTest.cs:行 365
]]></stack-trace>
                                </failure>
                              </test-case>
                              <test-case name="Public.Test.Util.PubCmnFunctionTest.GetPropsFromPropStringTest(&quot;TestID-007A&quot;,&quot;Category=ID0001CategoryName=Test&quot;)" executed="True" result="Failure" success="False" time="0.004" asserts="0">
                                <failure>
                                  <message><![CDATA[An unexpected exception type was thrown
Expected: System.ArgumentNullException
 but was: System.ArgumentException : プロパティ文字列フォーマットが不正です。：プロパティ値の区切り文字が不正です。]]></message>
                                  <stack-trace><![CDATA[場所 Touryo.Infrastructure.Public.Util.PubCmnFunction.ThrowPropStringFormatException(String detail) 場所 C:\Appmills2\git\root\programs\C#\Frameworks\Infrastructure\Public\Util\PubCmnFunction.cs:行 314
場所 Touryo.Infrastructure.Public.Util.PubCmnFunction.GetPropsFromPropString(String propString) 場所 C:\Appmills2\git\root\programs\C#\Frameworks\Infrastructure\Public\Util\PubCmnFunction.cs:行 214
場所 Public.Test.Util.PubCmnFunctionTest.GetPropsFromPropStringTest(String testCaseID, String propString) 場所 C:\OpenTouryo\root\programs\C#\Tests\Public.Test\Util\PubCmnFunctionTest.cs:行 365
]]></stack-trace>
                                </failure>
                              </test-case>
                              <test-case name="Public.Test.Util.PubCmnFunctionTest.GetPropsFromPropStringTest(&quot;TestID-008A&quot;,&quot;{CategoryID=0001;CategoryName=Test&quot;)" executed="True" result="Failure" success="False" time="0.004" asserts="0">
                                <failure>
                                  <message><![CDATA[An unexpected exception type was thrown
Expected: System.ArgumentNullException
 but was: System.ArgumentException : プロパティ文字列フォーマットが不正です。：エスケープ文字が不正です（C）。]]></message>
                                  <stack-trace><![CDATA[場所 Touryo.Infrastructure.Public.Util.PubCmnFunction.ThrowPropStringFormatException(String detail) 場所 C:\Appmills2\git\root\programs\C#\Frameworks\Infrastructure\Public\Util\PubCmnFunction.cs:行 314
場所 Touryo.Infrastructure.Public.Util.PubCmnFunction.GetPropsFromPropString(String propString) 場所 C:\Appmills2\git\root\programs\C#\Frameworks\Infrastructure\Public\Util\PubCmnFunction.cs:行 142
場所 Public.Test.Util.PubCmnFunctionTest.GetPropsFromPropStringTest(String testCaseID, String propString) 場所 C:\OpenTouryo\root\programs\C#\Tests\Public.Test\Util\PubCmnFunctionTest.cs:行 365
]]></stack-trace>
                                </failure>
                              </test-case>
                              <test-case name="Public.Test.Util.PubCmnFunctionTest.GetPropsFromPropStringTest(&quot;TestID-009A&quot;,&quot;=0001;CategoryName=Test&quot;)" executed="True" result="Failure" success="False" time="0.004" asserts="0">
                                <failure>
                                  <message><![CDATA[An unexpected exception type was thrown
Expected: System.ArgumentNullException
 but was: System.ArgumentException : プロパティ文字列フォーマットが不正です。：開始文字が不正です（=、;、}、）。]]></message>
                                  <stack-trace><![CDATA[場所 Touryo.Infrastructure.Public.Util.PubCmnFunction.ThrowPropStringFormatException(String detail) 場所 C:\Appmills2\git\root\programs\C#\Frameworks\Infrastructure\Public\Util\PubCmnFunction.cs:行 314
場所 Touryo.Infrastructure.Public.Util.PubCmnFunction.GetPropsFromPropString(String propString) 場所 C:\Appmills2\git\root\programs\C#\Frameworks\Infrastructure\Public\Util\PubCmnFunction.cs:行 107
場所 Public.Test.Util.PubCmnFunctionTest.GetPropsFromPropStringTest(String testCaseID, String propString) 場所 C:\OpenTouryo\root\programs\C#\Tests\Public.Test\Util\PubCmnFunctionTest.cs:行 365
]]></stack-trace>
                                </failure>
                              </test-case>
                              <test-case name="Public.Test.Util.PubCmnFunctionTest.GetPropsFromPropStringTest(&quot;TestID-010A&quot;,&quot;CategoryID=;CategoryName=Test&quot;)" executed="True" result="Failure" success="False" time="0.002" asserts="0">
                                <failure>
                                  <message><![CDATA[An unexpected exception type was thrown
Expected: System.ArgumentNullException
 but was: System.ArgumentException : プロパティ文字列フォーマットが不正です。：プロパティ値が空です。]]></message>
                                  <stack-trace><![CDATA[場所 Touryo.Infrastructure.Public.Util.PubCmnFunction.ThrowPropStringFormatException(String detail) 場所 C:\Appmills2\git\root\programs\C#\Frameworks\Infrastructure\Public\Util\PubCmnFunction.cs:行 314
場所 Touryo.Infrastructure.Public.Util.PubCmnFunction.GetPropsFromPropString(String propString) 場所 C:\Appmills2\git\root\programs\C#\Frameworks\Infrastructure\Public\Util\PubCmnFunction.cs:行 226
場所 Public.Test.Util.PubCmnFunctionTest.GetPropsFromPropStringTest(String testCaseID, String propString) 場所 C:\OpenTouryo\root\programs\C#\Tests\Public.Test\Util\PubCmnFunctionTest.cs:行 365
]]></stack-trace>
                                </failure>
                              </test-case>
                              <test-case name="Public.Test.Util.PubCmnFunctionTest.GetPropsFromPropStringTest(&quot;TestID-011A&quot;,&quot;{CategoryID=0;CategoryName=Test&quot;)" executed="True" result="Failure" success="False" time="0.002" asserts="0">
                                <failure>
                                  <message><![CDATA[An unexpected exception type was thrown
Expected: System.ArgumentNullException
 but was: System.ArgumentException : プロパティ文字列フォーマットが不正です。：エスケープ文字が不正です（C）。]]></message>
                                  <stack-trace><![CDATA[場所 Touryo.Infrastructure.Public.Util.PubCmnFunction.ThrowPropStringFormatException(String detail) 場所 C:\Appmills2\git\root\programs\C#\Frameworks\Infrastructure\Public\Util\PubCmnFunction.cs:行 314
場所 Touryo.Infrastructure.Public.Util.PubCmnFunction.GetPropsFromPropString(String propString) 場所 C:\Appmills2\git\root\programs\C#\Frameworks\Infrastructure\Public\Util\PubCmnFunction.cs:行 142
場所 Public.Test.Util.PubCmnFunctionTest.GetPropsFromPropStringTest(String testCaseID, String propString) 場所 C:\OpenTouryo\root\programs\C#\Tests\Public.Test\Util\PubCmnFunctionTest.cs:行 365
]]></stack-trace>
                                </failure>
                              </test-case>
                              <test-case name="Public.Test.Util.PubCmnFunctionTest.GetPropsFromPropStringTest(&quot;TestID-012A&quot;,&quot;CategoryID=0;CategoryName=&quot;)" executed="True" result="Success" success="True" time="0.000" asserts="3" />
                              <test-case name="Public.Test.Util.PubCmnFunctionTest.GetPropsFromPropStringTest(&quot;TestID-013A&quot;,&quot;CategoryID=0;CategoryName=cat\r\ndog\r\nanimal\r\nperson&quot;)" executed="True" result="Success" success="True" time="0.000" asserts="3" />
                              <test-case name="Public.Test.Util.PubCmnFunctionTest.GetPropsFromPropStringTest(&quot;TestID-014A&quot;,&quot;3CategoryID=0,CategoryName=cat&quot;)" executed="True" result="Failure" success="False" time="0.003" asserts="0">
                                <failure>
                                  <message><![CDATA[An unexpected exception type was thrown
Expected: System.ArgumentNullException
 but was: System.ArgumentException : プロパティ文字列フォーマットが不正です。：プロパティ値の区切り文字が不正です。]]></message>
                                  <stack-trace><![CDATA[場所 Touryo.Infrastructure.Public.Util.PubCmnFunction.ThrowPropStringFormatException(String detail) 場所 C:\Appmills2\git\root\programs\C#\Frameworks\Infrastructure\Public\Util\PubCmnFunction.cs:行 314
場所 Touryo.Infrastructure.Public.Util.PubCmnFunction.GetPropsFromPropString(String propString) 場所 C:\Appmills2\git\root\programs\C#\Frameworks\Infrastructure\Public\Util\PubCmnFunction.cs:行 214
場所 Public.Test.Util.PubCmnFunctionTest.GetPropsFromPropStringTest(String testCaseID, String propString) 場所 C:\OpenTouryo\root\programs\C#\Tests\Public.Test\Util\PubCmnFunctionTest.cs:行 365
]]></stack-trace>
                                </failure>
                              </test-case>
                              <test-case name="Public.Test.Util.PubCmnFunctionTest.GetPropsFromPropStringTest(&quot;TestID-015A&quot;,&quot;CategoryID{=0001;CategoryName=Test&quot;)" executed="True" result="Failure" success="False" time="0.004" asserts="0">
                                <failure>
                                  <message><![CDATA[An unexpected exception type was thrown
Expected: System.ArgumentNullException
 but was: System.ArgumentException : プロパティ文字列フォーマットが不正です。：中括弧が正しく閉じられていません。-1]]></message>
                                  <stack-trace><![CDATA[場所 Touryo.Infrastructure.Public.Util.PubCmnFunction.ThrowPropStringFormatException(String detail) 場所 C:\Appmills2\git\root\programs\C#\Frameworks\Infrastructure\Public\Util\PubCmnFunction.cs:行 314
場所 Touryo.Infrastructure.Public.Util.PubCmnFunction.GetPropsFromPropString(String propString) 場所 C:\Appmills2\git\root\programs\C#\Frameworks\Infrastructure\Public\Util\PubCmnFunction.cs:行 158
場所 Public.Test.Util.PubCmnFunctionTest.GetPropsFromPropStringTest(String testCaseID, String propString) 場所 C:\OpenTouryo\root\programs\C#\Tests\Public.Test\Util\PubCmnFunctionTest.cs:行 365
]]></stack-trace>
                                </failure>
                              </test-case>
                              <test-case name="Public.Test.Util.PubCmnFunctionTest.GetPropsFromPropStringTest(&quot;TestID-016A&quot;,&quot;CategoryID}=0001;CategoryName=Test&quot;)" executed="True" result="Failure" success="False" time="0.005" asserts="0">
                                <failure>
                                  <message><![CDATA[An unexpected exception type was thrown
Expected: System.ArgumentNullException
 but was: System.ArgumentException : プロパティ文字列フォーマットが不正です。：中括弧が正しく閉じられていません。-2]]></message>
                                  <stack-trace><![CDATA[場所 Touryo.Infrastructure.Public.Util.PubCmnFunction.ThrowPropStringFormatException(String detail) 場所 C:\Appmills2\git\root\programs\C#\Frameworks\Infrastructure\Public\Util\PubCmnFunction.cs:行 314
場所 Touryo.Infrastructure.Public.Util.PubCmnFunction.GetPropsFromPropString(String propString) 場所 C:\Appmills2\git\root\programs\C#\Frameworks\Infrastructure\Public\Util\PubCmnFunction.cs:行 184
場所 Public.Test.Util.PubCmnFunctionTest.GetPropsFromPropStringTest(String testCaseID, String propString) 場所 C:\OpenTouryo\root\programs\C#\Tests\Public.Test\Util\PubCmnFunctionTest.cs:行 365
]]></stack-trace>
                                </failure>
                              </test-case>
                              <test-case name="Public.Test.Util.PubCmnFunctionTest.GetPropsFromPropStringTest(&quot;TestID-017A&quot;,&quot;CategoryID=0001;=Test&quot;)" executed="True" result="Failure" success="False" time="0.002" asserts="0">
                                <failure>
                                  <message><![CDATA[An unexpected exception type was thrown
Expected: System.ArgumentNullException
 but was: System.ArgumentException : プロパティ文字列フォーマットが不正です。：プロパティ名が空です。]]></message>
                                  <stack-trace><![CDATA[場所 Touryo.Infrastructure.Public.Util.PubCmnFunction.ThrowPropStringFormatException(String detail) 場所 C:\Appmills2\git\root\programs\C#\Frameworks\Infrastructure\Public\Util\PubCmnFunction.cs:行 314
場所 Touryo.Infrastructure.Public.Util.PubCmnFunction.GetPropsFromPropString(String propString) 場所 C:\Appmills2\git\root\programs\C#\Frameworks\Infrastructure\Public\Util\PubCmnFunction.cs:行 195
場所 Public.Test.Util.PubCmnFunctionTest.GetPropsFromPropStringTest(String testCaseID, String propString) 場所 C:\OpenTouryo\root\programs\C#\Tests\Public.Test\Util\PubCmnFunctionTest.cs:行 365
]]></stack-trace>
                                </failure>
                              </test-case>
                            </results>
                          </test-suite>
                          <test-suite type="ParameterizedTest" name="ShortenByteArrayTest" executed="True" result="Success" success="True" time="0.028" asserts="0">
                            <results>
                              <test-case name="Public.Test.Util.PubCmnFunctionTest.ShortenByteArrayTest(&quot;TestID-001N&quot;,System.Byte[],1)" executed="True" result="Success" success="True" time="0.000" asserts="2" />
                              <test-case name="Public.Test.Util.PubCmnFunctionTest.ShortenByteArrayTest(&quot;TestID-002N&quot;,System.Byte[],2)" executed="True" result="Success" success="True" time="0.000" asserts="2" />
                              <test-case name="Public.Test.Util.PubCmnFunctionTest.ShortenByteArrayTest(&quot;TestID-003L&quot;,System.Byte[],0)" executed="True" result="Success" success="True" time="0.002" asserts="0" />
                              <test-case name="Public.Test.Util.PubCmnFunctionTest.ShortenByteArrayTest(&quot;TestID-004L&quot;,System.Byte[],0)" executed="True" result="Success" success="True" time="0.000" asserts="1" />
                              <test-case name="Public.Test.Util.PubCmnFunctionTest.ShortenByteArrayTest(&quot;TestID-005L&quot;,System.Byte[],2)" executed="True" result="Success" success="True" time="0.000" asserts="2" />
                              <test-case name="Public.Test.Util.PubCmnFunctionTest.ShortenByteArrayTest(&quot;TestID-006L&quot;,System.Byte[],2)" executed="True" result="Success" success="True" time="0.000" asserts="2" />
                              <test-case name="Public.Test.Util.PubCmnFunctionTest.ShortenByteArrayTest(&quot;TestID-007N&quot;,System.Byte[],4)" executed="True" result="Success" success="True" time="0.000" asserts="2" />
                              <test-case name="Public.Test.Util.PubCmnFunctionTest.ShortenByteArrayTest(&quot;TestID-008A&quot;,System.Byte[],5)" executed="True" result="Success" success="True" time="0.000" asserts="1" />
                            </results>
                          </test-suite>
                        </results>
                      </test-suite>
                    </results>
                  </test-suite>
                </results>
              </test-suite>
            </results>
          </test-suite>
        </results>
      </test-suite>
    </results>
  </test-suite>
</test-results>